Determining if the include file io.h exists failed with the following output:
Change Dir: /home/cat/Desktop/kivy_glucose/.buildozer/android/platform/build-arm64-v8a/build/other_builds/opencv/arm64-v8a__ndk_target_21/opencv/build/CMakeFiles/CMakeTmp

Run Build Command:"/usr/bin/make" "cmTC_a3b15/fast"
make -j4 -f CMakeFiles/cmTC_a3b15.dir/build.make CMakeFiles/cmTC_a3b15.dir/build
make[1]: Entering directory '/home/cat/Desktop/kivy_glucose/.buildozer/android/platform/build-arm64-v8a/build/other_builds/opencv/arm64-v8a__ndk_target_21/opencv/build/CMakeFiles/CMakeTmp'
Building C object CMakeFiles/cmTC_a3b15.dir/CheckIncludeFile.c.o
/home/cat/.buildozer/android/platform/android-ndk-r19c/toolchains/llvm/prebuilt/linux-x86_64/bin/clang --target=aarch64-none-linux-android21 --gcc-toolchain=/home/cat/.buildozer/android/platform/android-ndk-r19c/toolchains/llvm/prebuilt/linux-x86_64 --sysroot=/home/cat/.buildozer/android/platform/android-ndk-r19c/toolchains/llvm/prebuilt/linux-x86_64/sysroot   -g -DANDROID -fdata-sections -ffunction-sections -funwind-tables -fstack-protector-strong -no-canonical-prefixes -fno-addrsig -Wa,--noexecstack -Wformat -Werror=format-security    -fsigned-char -W -Wall -Werror=return-type -Werror=non-virtual-dtor -Werror=address -Werror=sequence-point -Wformat -Werror=format-security -Wmissing-declarations -Wmissing-prototypes -Wstrict-prototypes -Wundef -Winit-self -Wpointer-arith -Wshadow -Wsign-promo -Wuninitialized -Winit-self -Winconsistent-missing-override -Wno-narrowing -Wno-delete-non-virtual-dtor -Wno-unnamed-type-template-args -Wno-comment -fdiagnostics-show-option -Qunused-arguments -ffunction-sections -fdata-sections    -fvisibility=hidden -fvisibility-inlines-hidden  -O2 -DNDEBUG  -fPIE   -o CMakeFiles/cmTC_a3b15.dir/CheckIncludeFile.c.o   -c /home/cat/Desktop/kivy_glucose/.buildozer/android/platform/build-arm64-v8a/build/other_builds/opencv/arm64-v8a__ndk_target_21/opencv/build/CMakeFiles/CMakeTmp/CheckIncludeFile.c
/home/cat/Desktop/kivy_glucose/.buildozer/android/platform/build-arm64-v8a/build/other_builds/opencv/arm64-v8a__ndk_target_21/opencv/build/CMakeFiles/CMakeTmp/CheckIncludeFile.c:1:10: fatal error: 'io.h' file not found
#include <io.h>
         ^~~~~~
1 error generated.
CMakeFiles/cmTC_a3b15.dir/build.make:65: recipe for target 'CMakeFiles/cmTC_a3b15.dir/CheckIncludeFile.c.o' failed
make[1]: *** [CMakeFiles/cmTC_a3b15.dir/CheckIncludeFile.c.o] Error 1
make[1]: Leaving directory '/home/cat/Desktop/kivy_glucose/.buildozer/android/platform/build-arm64-v8a/build/other_builds/opencv/arm64-v8a__ndk_target_21/opencv/build/CMakeFiles/CMakeTmp'
Makefile:126: recipe for target 'cmTC_a3b15/fast' failed
make: *** [cmTC_a3b15/fast] Error 2


Determining size of INT8 failed with the following output:
Change Dir: /home/cat/Desktop/kivy_glucose/.buildozer/android/platform/build-arm64-v8a/build/other_builds/opencv/arm64-v8a__ndk_target_21/opencv/build/CMakeFiles/CMakeTmp

Run Build Command:"/usr/bin/make" "cmTC_2d1e4/fast"
make -j4 -f CMakeFiles/cmTC_2d1e4.dir/build.make CMakeFiles/cmTC_2d1e4.dir/build
make[1]: Entering directory '/home/cat/Desktop/kivy_glucose/.buildozer/android/platform/build-arm64-v8a/build/other_builds/opencv/arm64-v8a__ndk_target_21/opencv/build/CMakeFiles/CMakeTmp'
Building C object CMakeFiles/cmTC_2d1e4.dir/int8.c.o
/home/cat/.buildozer/android/platform/android-ndk-r19c/toolchains/llvm/prebuilt/linux-x86_64/bin/clang --target=aarch64-none-linux-android21 --gcc-toolchain=/home/cat/.buildozer/android/platform/android-ndk-r19c/toolchains/llvm/prebuilt/linux-x86_64 --sysroot=/home/cat/.buildozer/android/platform/android-ndk-r19c/toolchains/llvm/prebuilt/linux-x86_64/sysroot   -g -DANDROID -fdata-sections -ffunction-sections -funwind-tables -fstack-protector-strong -no-canonical-prefixes -fno-addrsig -Wa,--noexecstack -Wformat -Werror=format-security    -fsigned-char -W -Wall -Werror=return-type -Werror=non-virtual-dtor -Werror=address -Werror=sequence-point -Wformat -Werror=format-security -Wmissing-declarations -Wmissing-prototypes -Wstrict-prototypes -Wundef -Winit-self -Wpointer-arith -Wshadow -Wsign-promo -Wuninitialized -Winit-self -Winconsistent-missing-override -Wno-narrowing -Wno-delete-non-virtual-dtor -Wno-unnamed-type-template-args -Wno-comment -fdiagnostics-show-option -Qunused-arguments -ffunction-sections -fdata-sections    -fvisibility=hidden -fvisibility-inlines-hidden  -O2 -DNDEBUG  -fPIE   -o CMakeFiles/cmTC_2d1e4.dir/int8.c.o   -c /home/cat/Desktop/kivy_glucose/.buildozer/android/platform/build-arm64-v8a/build/other_builds/opencv/arm64-v8a__ndk_target_21/opencv/build/CMakeFiles/CheckTypeSize/int8.c
/home/cat/Desktop/kivy_glucose/.buildozer/android/platform/build-arm64-v8a/build/other_builds/opencv/arm64-v8a__ndk_target_21/opencv/build/CMakeFiles/CheckTypeSize/int8.c:19:12: error: use of undeclared identifier 'INT8'
  ('0' + ((SIZE / 10000)%10)),
           ^
/home/cat/Desktop/kivy_glucose/.buildozer/android/platform/build-arm64-v8a/build/other_builds/opencv/arm64-v8a__ndk_target_21/opencv/build/CMakeFiles/CheckTypeSize/int8.c:17:22: note: expanded from macro 'SIZE'
#define SIZE (sizeof(INT8))
                     ^
/home/cat/Desktop/kivy_glucose/.buildozer/android/platform/build-arm64-v8a/build/other_builds/opencv/arm64-v8a__ndk_target_21/opencv/build/CMakeFiles/CheckTypeSize/int8.c:20:12: error: use of undeclared identifier 'INT8'
  ('0' + ((SIZE / 1000)%10)),
           ^
/home/cat/Desktop/kivy_glucose/.buildozer/android/platform/build-arm64-v8a/build/other_builds/opencv/arm64-v8a__ndk_target_21/opencv/build/CMakeFiles/CheckTypeSize/int8.c:17:22: note: expanded from macro 'SIZE'
#define SIZE (sizeof(INT8))
                     ^
/home/cat/Desktop/kivy_glucose/.buildozer/android/platform/build-arm64-v8a/build/other_builds/opencv/arm64-v8a__ndk_target_21/opencv/build/CMakeFiles/CheckTypeSize/int8.c:21:12: error: use of undeclared identifier 'INT8'
  ('0' + ((SIZE / 100)%10)),
           ^
/home/cat/Desktop/kivy_glucose/.buildozer/android/platform/build-arm64-v8a/build/other_builds/opencv/arm64-v8a__ndk_target_21/opencv/build/CMakeFiles/CheckTypeSize/int8.c:17:22: note: expanded from macro 'SIZE'
#define SIZE (sizeof(INT8))
                     ^
/home/cat/Desktop/kivy_glucose/.buildozer/android/platform/build-arm64-v8a/build/other_builds/opencv/arm64-v8a__ndk_target_21/opencv/build/CMakeFiles/CheckTypeSize/int8.c:22:12: error: use of undeclared identifier 'INT8'
  ('0' + ((SIZE / 10)%10)),
           ^
/home/cat/Desktop/kivy_glucose/.buildozer/android/platform/build-arm64-v8a/build/other_builds/opencv/arm64-v8a__ndk_target_21/opencv/build/CMakeFiles/CheckTypeSize/int8.c:17:22: note: expanded from macro 'SIZE'
#define SIZE (sizeof(INT8))
                     ^
/home/cat/Desktop/kivy_glucose/.buildozer/android/platform/build-arm64-v8a/build/other_builds/opencv/arm64-v8a__ndk_target_21/opencv/build/CMakeFiles/CheckTypeSize/int8.c:23:12: error: use of undeclared identifier 'INT8'
  ('0' +  (SIZE    % 10)),
           ^
/home/cat/Desktop/kivy_glucose/.buildozer/android/platform/build-arm64-v8a/build/other_builds/opencv/arm64-v8a__ndk_target_21/opencv/build/CMakeFiles/CheckTypeSize/int8.c:17:22: note: expanded from macro 'SIZE'
#define SIZE (sizeof(INT8))
                     ^
5 errors generated.
CMakeFiles/cmTC_2d1e4.dir/build.make:65: recipe for target 'CMakeFiles/cmTC_2d1e4.dir/int8.c.o' failed
make[1]: *** [CMakeFiles/cmTC_2d1e4.dir/int8.c.o] Error 1
make[1]: Leaving directory '/home/cat/Desktop/kivy_glucose/.buildozer/android/platform/build-arm64-v8a/build/other_builds/opencv/arm64-v8a__ndk_target_21/opencv/build/CMakeFiles/CMakeTmp'
Makefile:126: recipe for target 'cmTC_2d1e4/fast' failed
make: *** [cmTC_2d1e4/fast] Error 2

/home/cat/Desktop/kivy_glucose/.buildozer/android/platform/build-arm64-v8a/build/other_builds/opencv/arm64-v8a__ndk_target_21/opencv/build/CMakeFiles/CheckTypeSize/int8.c:
#include <sys/types.h>
#include <stdint.h>
#include <stddef.h>


#undef KEY
#if defined(__i386)
# define KEY '_','_','i','3','8','6'
#elif defined(__x86_64)
# define KEY '_','_','x','8','6','_','6','4'
#elif defined(__ppc__)
# define KEY '_','_','p','p','c','_','_'
#elif defined(__ppc64__)
# define KEY '_','_','p','p','c','6','4','_','_'
#endif

#define SIZE (sizeof(INT8))
char info_size[] =  {'I', 'N', 'F', 'O', ':', 's','i','z','e','[',
  ('0' + ((SIZE / 10000)%10)),
  ('0' + ((SIZE / 1000)%10)),
  ('0' + ((SIZE / 100)%10)),
  ('0' + ((SIZE / 10)%10)),
  ('0' +  (SIZE    % 10)),
  ']',
#ifdef KEY
  ' ','k','e','y','[', KEY, ']',
#endif
  '\0'};

#ifdef __CLASSIC_C__
int main(argc, argv) int argc; char *argv[];
#else
int main(int argc, char *argv[])
#endif
{
  int require = 0;
  require += info_size[argc];
  (void)argv;
  return require;
}


Determining size of INT16 failed with the following output:
Change Dir: /home/cat/Desktop/kivy_glucose/.buildozer/android/platform/build-arm64-v8a/build/other_builds/opencv/arm64-v8a__ndk_target_21/opencv/build/CMakeFiles/CMakeTmp

Run Build Command:"/usr/bin/make" "cmTC_6c02d/fast"
make -j4 -f CMakeFiles/cmTC_6c02d.dir/build.make CMakeFiles/cmTC_6c02d.dir/build
make[1]: Entering directory '/home/cat/Desktop/kivy_glucose/.buildozer/android/platform/build-arm64-v8a/build/other_builds/opencv/arm64-v8a__ndk_target_21/opencv/build/CMakeFiles/CMakeTmp'
Building C object CMakeFiles/cmTC_6c02d.dir/int16.c.o
/home/cat/.buildozer/android/platform/android-ndk-r19c/toolchains/llvm/prebuilt/linux-x86_64/bin/clang --target=aarch64-none-linux-android21 --gcc-toolchain=/home/cat/.buildozer/android/platform/android-ndk-r19c/toolchains/llvm/prebuilt/linux-x86_64 --sysroot=/home/cat/.buildozer/android/platform/android-ndk-r19c/toolchains/llvm/prebuilt/linux-x86_64/sysroot   -g -DANDROID -fdata-sections -ffunction-sections -funwind-tables -fstack-protector-strong -no-canonical-prefixes -fno-addrsig -Wa,--noexecstack -Wformat -Werror=format-security    -fsigned-char -W -Wall -Werror=return-type -Werror=non-virtual-dtor -Werror=address -Werror=sequence-point -Wformat -Werror=format-security -Wmissing-declarations -Wmissing-prototypes -Wstrict-prototypes -Wundef -Winit-self -Wpointer-arith -Wshadow -Wsign-promo -Wuninitialized -Winit-self -Winconsistent-missing-override -Wno-narrowing -Wno-delete-non-virtual-dtor -Wno-unnamed-type-template-args -Wno-comment -fdiagnostics-show-option -Qunused-arguments -ffunction-sections -fdata-sections    -fvisibility=hidden -fvisibility-inlines-hidden  -O2 -DNDEBUG  -fPIE   -o CMakeFiles/cmTC_6c02d.dir/int16.c.o   -c /home/cat/Desktop/kivy_glucose/.buildozer/android/platform/build-arm64-v8a/build/other_builds/opencv/arm64-v8a__ndk_target_21/opencv/build/CMakeFiles/CheckTypeSize/int16.c
/home/cat/Desktop/kivy_glucose/.buildozer/android/platform/build-arm64-v8a/build/other_builds/opencv/arm64-v8a__ndk_target_21/opencv/build/CMakeFiles/CheckTypeSize/int16.c:19:12: error: use of undeclared identifier 'INT16'
  ('0' + ((SIZE / 10000)%10)),
           ^
/home/cat/Desktop/kivy_glucose/.buildozer/android/platform/build-arm64-v8a/build/other_builds/opencv/arm64-v8a__ndk_target_21/opencv/build/CMakeFiles/CheckTypeSize/int16.c:17:22: note: expanded from macro 'SIZE'
#define SIZE (sizeof(INT16))
                     ^
/home/cat/Desktop/kivy_glucose/.buildozer/android/platform/build-arm64-v8a/build/other_builds/opencv/arm64-v8a__ndk_target_21/opencv/build/CMakeFiles/CheckTypeSize/int16.c:20:12: error: use of undeclared identifier 'INT16'
  ('0' + ((SIZE / 1000)%10)),
           ^
/home/cat/Desktop/kivy_glucose/.buildozer/android/platform/build-arm64-v8a/build/other_builds/opencv/arm64-v8a__ndk_target_21/opencv/build/CMakeFiles/CheckTypeSize/int16.c:17:22: note: expanded from macro 'SIZE'
#define SIZE (sizeof(INT16))
                     ^
/home/cat/Desktop/kivy_glucose/.buildozer/android/platform/build-arm64-v8a/build/other_builds/opencv/arm64-v8a__ndk_target_21/opencv/build/CMakeFiles/CheckTypeSize/int16.c:21:12: error: use of undeclared identifier 'INT16'
  ('0' + ((SIZE / 100)%10)),
           ^
/home/cat/Desktop/kivy_glucose/.buildozer/android/platform/build-arm64-v8a/build/other_builds/opencv/arm64-v8a__ndk_target_21/opencv/build/CMakeFiles/CheckTypeSize/int16.c:17:22: note: expanded from macro 'SIZE'
#define SIZE (sizeof(INT16))
                     ^
/home/cat/Desktop/kivy_glucose/.buildozer/android/platform/build-arm64-v8a/build/other_builds/opencv/arm64-v8a__ndk_target_21/opencv/build/CMakeFiles/CheckTypeSize/int16.c:22:12: error: use of undeclared identifier 'INT16'
  ('0' + ((SIZE / 10)%10)),
           ^
/home/cat/Desktop/kivy_glucose/.buildozer/android/platform/build-arm64-v8a/build/other_builds/opencv/arm64-v8a__ndk_target_21/opencv/build/CMakeFiles/CheckTypeSize/int16.c:17:22: note: expanded from macro 'SIZE'
#define SIZE (sizeof(INT16))
                     ^
/home/cat/Desktop/kivy_glucose/.buildozer/android/platform/build-arm64-v8a/build/other_builds/opencv/arm64-v8a__ndk_target_21/opencv/build/CMakeFiles/CheckTypeSize/int16.c:23:12: error: use of undeclared identifier 'INT16'
  ('0' +  (SIZE    % 10)),
           ^
/home/cat/Desktop/kivy_glucose/.buildozer/android/platform/build-arm64-v8a/build/other_builds/opencv/arm64-v8a__ndk_target_21/opencv/build/CMakeFiles/CheckTypeSize/int16.c:17:22: note: expanded from macro 'SIZE'
#define SIZE (sizeof(INT16))
                     ^
5 errors generated.
CMakeFiles/cmTC_6c02d.dir/build.make:65: recipe for target 'CMakeFiles/cmTC_6c02d.dir/int16.c.o' failed
make[1]: *** [CMakeFiles/cmTC_6c02d.dir/int16.c.o] Error 1
make[1]: Leaving directory '/home/cat/Desktop/kivy_glucose/.buildozer/android/platform/build-arm64-v8a/build/other_builds/opencv/arm64-v8a__ndk_target_21/opencv/build/CMakeFiles/CMakeTmp'
Makefile:126: recipe for target 'cmTC_6c02d/fast' failed
make: *** [cmTC_6c02d/fast] Error 2

/home/cat/Desktop/kivy_glucose/.buildozer/android/platform/build-arm64-v8a/build/other_builds/opencv/arm64-v8a__ndk_target_21/opencv/build/CMakeFiles/CheckTypeSize/int16.c:
#include <sys/types.h>
#include <stdint.h>
#include <stddef.h>


#undef KEY
#if defined(__i386)
# define KEY '_','_','i','3','8','6'
#elif defined(__x86_64)
# define KEY '_','_','x','8','6','_','6','4'
#elif defined(__ppc__)
# define KEY '_','_','p','p','c','_','_'
#elif defined(__ppc64__)
# define KEY '_','_','p','p','c','6','4','_','_'
#endif

#define SIZE (sizeof(INT16))
char info_size[] =  {'I', 'N', 'F', 'O', ':', 's','i','z','e','[',
  ('0' + ((SIZE / 10000)%10)),
  ('0' + ((SIZE / 1000)%10)),
  ('0' + ((SIZE / 100)%10)),
  ('0' + ((SIZE / 10)%10)),
  ('0' +  (SIZE    % 10)),
  ']',
#ifdef KEY
  ' ','k','e','y','[', KEY, ']',
#endif
  '\0'};

#ifdef __CLASSIC_C__
int main(argc, argv) int argc; char *argv[];
#else
int main(int argc, char *argv[])
#endif
{
  int require = 0;
  require += info_size[argc];
  (void)argv;
  return require;
}


Determining size of INT32 failed with the following output:
Change Dir: /home/cat/Desktop/kivy_glucose/.buildozer/android/platform/build-arm64-v8a/build/other_builds/opencv/arm64-v8a__ndk_target_21/opencv/build/CMakeFiles/CMakeTmp

Run Build Command:"/usr/bin/make" "cmTC_85427/fast"
make -j4 -f CMakeFiles/cmTC_85427.dir/build.make CMakeFiles/cmTC_85427.dir/build
make[1]: Entering directory '/home/cat/Desktop/kivy_glucose/.buildozer/android/platform/build-arm64-v8a/build/other_builds/opencv/arm64-v8a__ndk_target_21/opencv/build/CMakeFiles/CMakeTmp'
Building C object CMakeFiles/cmTC_85427.dir/int32.c.o
/home/cat/.buildozer/android/platform/android-ndk-r19c/toolchains/llvm/prebuilt/linux-x86_64/bin/clang --target=aarch64-none-linux-android21 --gcc-toolchain=/home/cat/.buildozer/android/platform/android-ndk-r19c/toolchains/llvm/prebuilt/linux-x86_64 --sysroot=/home/cat/.buildozer/android/platform/android-ndk-r19c/toolchains/llvm/prebuilt/linux-x86_64/sysroot   -g -DANDROID -fdata-sections -ffunction-sections -funwind-tables -fstack-protector-strong -no-canonical-prefixes -fno-addrsig -Wa,--noexecstack -Wformat -Werror=format-security    -fsigned-char -W -Wall -Werror=return-type -Werror=non-virtual-dtor -Werror=address -Werror=sequence-point -Wformat -Werror=format-security -Wmissing-declarations -Wmissing-prototypes -Wstrict-prototypes -Wundef -Winit-self -Wpointer-arith -Wshadow -Wsign-promo -Wuninitialized -Winit-self -Winconsistent-missing-override -Wno-narrowing -Wno-delete-non-virtual-dtor -Wno-unnamed-type-template-args -Wno-comment -fdiagnostics-show-option -Qunused-arguments -ffunction-sections -fdata-sections    -fvisibility=hidden -fvisibility-inlines-hidden  -O2 -DNDEBUG  -fPIE   -o CMakeFiles/cmTC_85427.dir/int32.c.o   -c /home/cat/Desktop/kivy_glucose/.buildozer/android/platform/build-arm64-v8a/build/other_builds/opencv/arm64-v8a__ndk_target_21/opencv/build/CMakeFiles/CheckTypeSize/int32.c
/home/cat/Desktop/kivy_glucose/.buildozer/android/platform/build-arm64-v8a/build/other_builds/opencv/arm64-v8a__ndk_target_21/opencv/build/CMakeFiles/CheckTypeSize/int32.c:19:12: error: use of undeclared identifier 'INT32'
  ('0' + ((SIZE / 10000)%10)),
           ^
/home/cat/Desktop/kivy_glucose/.buildozer/android/platform/build-arm64-v8a/build/other_builds/opencv/arm64-v8a__ndk_target_21/opencv/build/CMakeFiles/CheckTypeSize/int32.c:17:22: note: expanded from macro 'SIZE'
#define SIZE (sizeof(INT32))
                     ^
/home/cat/Desktop/kivy_glucose/.buildozer/android/platform/build-arm64-v8a/build/other_builds/opencv/arm64-v8a__ndk_target_21/opencv/build/CMakeFiles/CheckTypeSize/int32.c:20:12: error: use of undeclared identifier 'INT32'
  ('0' + ((SIZE / 1000)%10)),
           ^
/home/cat/Desktop/kivy_glucose/.buildozer/android/platform/build-arm64-v8a/build/other_builds/opencv/arm64-v8a__ndk_target_21/opencv/build/CMakeFiles/CheckTypeSize/int32.c:17:22: note: expanded from macro 'SIZE'
#define SIZE (sizeof(INT32))
                     ^
/home/cat/Desktop/kivy_glucose/.buildozer/android/platform/build-arm64-v8a/build/other_builds/opencv/arm64-v8a__ndk_target_21/opencv/build/CMakeFiles/CheckTypeSize/int32.c:21:12: error: use of undeclared identifier 'INT32'
  ('0' + ((SIZE / 100)%10)),
           ^
/home/cat/Desktop/kivy_glucose/.buildozer/android/platform/build-arm64-v8a/build/other_builds/opencv/arm64-v8a__ndk_target_21/opencv/build/CMakeFiles/CheckTypeSize/int32.c:17:22: note: expanded from macro 'SIZE'
#define SIZE (sizeof(INT32))
                     ^
/home/cat/Desktop/kivy_glucose/.buildozer/android/platform/build-arm64-v8a/build/other_builds/opencv/arm64-v8a__ndk_target_21/opencv/build/CMakeFiles/CheckTypeSize/int32.c:22:12: error: use of undeclared identifier 'INT32'
  ('0' + ((SIZE / 10)%10)),
           ^
/home/cat/Desktop/kivy_glucose/.buildozer/android/platform/build-arm64-v8a/build/other_builds/opencv/arm64-v8a__ndk_target_21/opencv/build/CMakeFiles/CheckTypeSize/int32.c:17:22: note: expanded from macro 'SIZE'
#define SIZE (sizeof(INT32))
                     ^
/home/cat/Desktop/kivy_glucose/.buildozer/android/platform/build-arm64-v8a/build/other_builds/opencv/arm64-v8a__ndk_target_21/opencv/build/CMakeFiles/CheckTypeSize/int32.c:23:12: error: use of undeclared identifier 'INT32'
  ('0' +  (SIZE    % 10)),
           ^
/home/cat/Desktop/kivy_glucose/.buildozer/android/platform/build-arm64-v8a/build/other_builds/opencv/arm64-v8a__ndk_target_21/opencv/build/CMakeFiles/CheckTypeSize/int32.c:17:22: note: expanded from macro 'SIZE'
#define SIZE (sizeof(INT32))
                     ^
5 errors generated.
CMakeFiles/cmTC_85427.dir/build.make:65: recipe for target 'CMakeFiles/cmTC_85427.dir/int32.c.o' failed
make[1]: *** [CMakeFiles/cmTC_85427.dir/int32.c.o] Error 1
make[1]: Leaving directory '/home/cat/Desktop/kivy_glucose/.buildozer/android/platform/build-arm64-v8a/build/other_builds/opencv/arm64-v8a__ndk_target_21/opencv/build/CMakeFiles/CMakeTmp'
Makefile:126: recipe for target 'cmTC_85427/fast' failed
make: *** [cmTC_85427/fast] Error 2

/home/cat/Desktop/kivy_glucose/.buildozer/android/platform/build-arm64-v8a/build/other_builds/opencv/arm64-v8a__ndk_target_21/opencv/build/CMakeFiles/CheckTypeSize/int32.c:
#include <sys/types.h>
#include <stdint.h>
#include <stddef.h>


#undef KEY
#if defined(__i386)
# define KEY '_','_','i','3','8','6'
#elif defined(__x86_64)
# define KEY '_','_','x','8','6','_','6','4'
#elif defined(__ppc__)
# define KEY '_','_','p','p','c','_','_'
#elif defined(__ppc64__)
# define KEY '_','_','p','p','c','6','4','_','_'
#endif

#define SIZE (sizeof(INT32))
char info_size[] =  {'I', 'N', 'F', 'O', ':', 's','i','z','e','[',
  ('0' + ((SIZE / 10000)%10)),
  ('0' + ((SIZE / 1000)%10)),
  ('0' + ((SIZE / 100)%10)),
  ('0' + ((SIZE / 10)%10)),
  ('0' +  (SIZE    % 10)),
  ']',
#ifdef KEY
  ' ','k','e','y','[', KEY, ']',
#endif
  '\0'};

#ifdef __CLASSIC_C__
int main(argc, argv) int argc; char *argv[];
#else
int main(int argc, char *argv[])
#endif
{
  int require = 0;
  require += info_size[argc];
  (void)argv;
  return require;
}


Determining if the function setmode exists failed with the following output:
Change Dir: /home/cat/Desktop/kivy_glucose/.buildozer/android/platform/build-arm64-v8a/build/other_builds/opencv/arm64-v8a__ndk_target_21/opencv/build/CMakeFiles/CMakeTmp

Run Build Command:"/usr/bin/make" "cmTC_5989b/fast"
make -j4 -f CMakeFiles/cmTC_5989b.dir/build.make CMakeFiles/cmTC_5989b.dir/build
make[1]: Entering directory '/home/cat/Desktop/kivy_glucose/.buildozer/android/platform/build-arm64-v8a/build/other_builds/opencv/arm64-v8a__ndk_target_21/opencv/build/CMakeFiles/CMakeTmp'
Building C object CMakeFiles/cmTC_5989b.dir/CheckFunctionExists.c.o
/home/cat/.buildozer/android/platform/android-ndk-r19c/toolchains/llvm/prebuilt/linux-x86_64/bin/clang --target=aarch64-none-linux-android21 --gcc-toolchain=/home/cat/.buildozer/android/platform/android-ndk-r19c/toolchains/llvm/prebuilt/linux-x86_64 --sysroot=/home/cat/.buildozer/android/platform/android-ndk-r19c/toolchains/llvm/prebuilt/linux-x86_64/sysroot   -g -DANDROID -fdata-sections -ffunction-sections -funwind-tables -fstack-protector-strong -no-canonical-prefixes -fno-addrsig -Wa,--noexecstack -Wformat -Werror=format-security    -fsigned-char -W -Wall -Werror=return-type -Werror=non-virtual-dtor -Werror=address -Werror=sequence-point -Wformat -Werror=format-security -Wmissing-declarations -Wmissing-prototypes -Wstrict-prototypes -Wundef -Winit-self -Wpointer-arith -Wshadow -Wsign-promo -Wuninitialized -Winit-self -Winconsistent-missing-override -Wno-narrowing -Wno-delete-non-virtual-dtor -Wno-unnamed-type-template-args -Wno-comment -fdiagnostics-show-option -Qunused-arguments -ffunction-sections -fdata-sections    -fvisibility=hidden -fvisibility-inlines-hidden -DCHECK_FUNCTION_EXISTS=setmode -O2 -DNDEBUG  -fPIE   -o CMakeFiles/cmTC_5989b.dir/CheckFunctionExists.c.o   -c /home/cat/kivy_env/lib/python3.6/site-packages/cmake/data/share/cmake-3.8/Modules/CheckFunctionExists.c
Linking C executable cmTC_5989b
/home/cat/kivy_env/lib/python3.6/site-packages/cmake/data/bin/cmake -E cmake_link_script CMakeFiles/cmTC_5989b.dir/link.txt --verbose=1
/home/cat/.buildozer/android/platform/android-ndk-r19c/toolchains/llvm/prebuilt/linux-x86_64/bin/clang --target=aarch64-none-linux-android21 --gcc-toolchain=/home/cat/.buildozer/android/platform/android-ndk-r19c/toolchains/llvm/prebuilt/linux-x86_64 --sysroot=/home/cat/.buildozer/android/platform/android-ndk-r19c/toolchains/llvm/prebuilt/linux-x86_64/sysroot -g -DANDROID -fdata-sections -ffunction-sections -funwind-tables -fstack-protector-strong -no-canonical-prefixes -fno-addrsig -Wa,--noexecstack -Wformat -Werror=format-security    -fsigned-char -W -Wall -Werror=return-type -Werror=non-virtual-dtor -Werror=address -Werror=sequence-point -Wformat -Werror=format-security -Wmissing-declarations -Wmissing-prototypes -Wstrict-prototypes -Wundef -Winit-self -Wpointer-arith -Wshadow -Wsign-promo -Wuninitialized -Winit-self -Winconsistent-missing-override -Wno-narrowing -Wno-delete-non-virtual-dtor -Wno-unnamed-type-template-args -Wno-comment -fdiagnostics-show-option -Qunused-arguments -ffunction-sections -fdata-sections    -fvisibility=hidden -fvisibility-inlines-hidden -DCHECK_FUNCTION_EXISTS=setmode -O2 -DNDEBUG   -Wl,--exclude-libs,libgcc.a -Wl,--exclude-libs,libatomic.a -static-libstdc++ -Wl,--build-id -Wl,--warn-shared-textrel -Wl,--fatal-warnings -Wl,--no-undefined -Qunused-arguments -Wl,-z,noexecstack -Wl,-z,relro -Wl,-z,now -Wl,--gc-sections   -Wl,--gc-sections  CMakeFiles/cmTC_5989b.dir/CheckFunctionExists.c.o  -o cmTC_5989b -latomic -lm 
CMakeFiles/cmTC_5989b.dir/CheckFunctionExists.c.o: In function `main':
/home/cat/kivy_env/lib/python3.6/site-packages/cmake/data/share/cmake-3.8/Modules/CheckFunctionExists.c:17: undefined reference to `setmode'
clang: error: linker command failed with exit code 1 (use -v to see invocation)
CMakeFiles/cmTC_5989b.dir/build.make:97: recipe for target 'cmTC_5989b' failed
make[1]: *** [cmTC_5989b] Error 1
make[1]: Leaving directory '/home/cat/Desktop/kivy_glucose/.buildozer/android/platform/build-arm64-v8a/build/other_builds/opencv/arm64-v8a__ndk_target_21/opencv/build/CMakeFiles/CMakeTmp'
Makefile:126: recipe for target 'cmTC_5989b/fast' failed
make: *** [cmTC_5989b/fast] Error 2


Build output check failed:
    Regex: 'unknown .*option'
    Output line: 'warning: unknown warning option '-Wno-unused-but-set-variable', did you mean '-Wno-unused-const-variable'? [-Wunknown-warning-option]'
Compilation failed:
    source file: '/home/cat/Desktop/kivy_glucose/.buildozer/android/platform/build-arm64-v8a/build/other_builds/opencv/arm64-v8a__ndk_target_21/opencv/build/CMakeFiles/CMakeTmp/src.c'
    check option: ' -Wno-unused-but-set-variable'
===== BUILD LOG =====
Change Dir: /home/cat/Desktop/kivy_glucose/.buildozer/android/platform/build-arm64-v8a/build/other_builds/opencv/arm64-v8a__ndk_target_21/opencv/build/CMakeFiles/CMakeTmp

Run Build Command:"/usr/bin/make" "cmTC_0e4ff/fast"
make -j4 -f CMakeFiles/cmTC_0e4ff.dir/build.make CMakeFiles/cmTC_0e4ff.dir/build
make[1]: Entering directory '/home/cat/Desktop/kivy_glucose/.buildozer/android/platform/build-arm64-v8a/build/other_builds/opencv/arm64-v8a__ndk_target_21/opencv/build/CMakeFiles/CMakeTmp'
Building C object CMakeFiles/cmTC_0e4ff.dir/src.c.o
/home/cat/.buildozer/android/platform/android-ndk-r19c/toolchains/llvm/prebuilt/linux-x86_64/bin/clang --target=aarch64-none-linux-android21 --gcc-toolchain=/home/cat/.buildozer/android/platform/android-ndk-r19c/toolchains/llvm/prebuilt/linux-x86_64 --sysroot=/home/cat/.buildozer/android/platform/android-ndk-r19c/toolchains/llvm/prebuilt/linux-x86_64/sysroot   -g -DANDROID -fdata-sections -ffunction-sections -funwind-tables -fstack-protector-strong -no-canonical-prefixes -fno-addrsig -Wa,--noexecstack -Wformat -Werror=format-security    -fsigned-char -W -Wall -Werror=return-type -Werror=non-virtual-dtor -Werror=address -Werror=sequence-point -Wformat -Werror=format-security -Wmissing-declarations -Wmissing-prototypes -Wstrict-prototypes -Wundef -Winit-self -Wpointer-arith -Wshadow -Wsign-promo -Wuninitialized -Winit-self -Winconsistent-missing-override -Wno-narrowing -Wno-delete-non-virtual-dtor -Wno-unnamed-type-template-args -Wno-comment -fdiagnostics-show-option -Qunused-arguments -ffunction-sections -fdata-sections    -fvisibility=hidden -fvisibility-inlines-hidden  -O2 -DNDEBUG  -fPIE   -Wno-unused-but-set-variable -o CMakeFiles/cmTC_0e4ff.dir/src.c.o   -c /home/cat/Desktop/kivy_glucose/.buildozer/android/platform/build-arm64-v8a/build/other_builds/opencv/arm64-v8a__ndk_target_21/opencv/build/CMakeFiles/CMakeTmp/src.c
warning: unknown warning option '-Wno-unused-but-set-variable'; did you mean '-Wno-unused-const-variable'? [-Wunknown-warning-option]
/home/cat/Desktop/kivy_glucose/.buildozer/android/platform/build-arm64-v8a/build/other_builds/opencv/arm64-v8a__ndk_target_21/opencv/build/CMakeFiles/CMakeTmp/src.c:1:8: warning: unknown pragma ignored [-Wunknown-pragmas]
#pragma
       ^
2 warnings generated.
Linking C executable cmTC_0e4ff
/home/cat/kivy_env/lib/python3.6/site-packages/cmake/data/bin/cmake -E cmake_link_script CMakeFiles/cmTC_0e4ff.dir/link.txt --verbose=1
/home/cat/.buildozer/android/platform/android-ndk-r19c/toolchains/llvm/prebuilt/linux-x86_64/bin/clang --target=aarch64-none-linux-android21 --gcc-toolchain=/home/cat/.buildozer/android/platform/android-ndk-r19c/toolchains/llvm/prebuilt/linux-x86_64 --sysroot=/home/cat/.buildozer/android/platform/android-ndk-r19c/toolchains/llvm/prebuilt/linux-x86_64/sysroot -g -DANDROID -fdata-sections -ffunction-sections -funwind-tables -fstack-protector-strong -no-canonical-prefixes -fno-addrsig -Wa,--noexecstack -Wformat -Werror=format-security    -fsigned-char -W -Wall -Werror=return-type -Werror=non-virtual-dtor -Werror=address -Werror=sequence-point -Wformat -Werror=format-security -Wmissing-declarations -Wmissing-prototypes -Wstrict-prototypes -Wundef -Winit-self -Wpointer-arith -Wshadow -Wsign-promo -Wuninitialized -Winit-self -Winconsistent-missing-override -Wno-narrowing -Wno-delete-non-virtual-dtor -Wno-unnamed-type-template-args -Wno-comment -fdiagnostics-show-option -Qunused-arguments -ffunction-sections -fdata-sections    -fvisibility=hidden -fvisibility-inlines-hidden  -O2 -DNDEBUG   -Wl,--exclude-libs,libgcc.a -Wl,--exclude-libs,libatomic.a -static-libstdc++ -Wl,--build-id -Wl,--warn-shared-textrel -Wl,--fatal-warnings -Wl,--no-undefined -Qunused-arguments -Wl,-z,noexecstack -Wl,-z,relro -Wl,-z,now -Wl,--gc-sections   -Wl,--gc-sections  CMakeFiles/cmTC_0e4ff.dir/src.c.o  -o cmTC_0e4ff -latomic -lm 
make[1]: Leaving directory '/home/cat/Desktop/kivy_glucose/.buildozer/android/platform/build-arm64-v8a/build/other_builds/opencv/arm64-v8a__ndk_target_21/opencv/build/CMakeFiles/CMakeTmp'

===== END =====

Build output check failed:
    Regex: 'unknown .*option'
    Output line: 'warning: unknown warning option '-Wno-maybe-uninitialized', did you mean '-Wno-uninitialized'? [-Wunknown-warning-option]'
Compilation failed:
    source file: '/home/cat/Desktop/kivy_glucose/.buildozer/android/platform/build-arm64-v8a/build/other_builds/opencv/arm64-v8a__ndk_target_21/opencv/build/CMakeFiles/CMakeTmp/src.c'
    check option: ' -Wno-maybe-uninitialized'
===== BUILD LOG =====
Change Dir: /home/cat/Desktop/kivy_glucose/.buildozer/android/platform/build-arm64-v8a/build/other_builds/opencv/arm64-v8a__ndk_target_21/opencv/build/CMakeFiles/CMakeTmp

Run Build Command:"/usr/bin/make" "cmTC_5a053/fast"
make -j4 -f CMakeFiles/cmTC_5a053.dir/build.make CMakeFiles/cmTC_5a053.dir/build
make[1]: Entering directory '/home/cat/Desktop/kivy_glucose/.buildozer/android/platform/build-arm64-v8a/build/other_builds/opencv/arm64-v8a__ndk_target_21/opencv/build/CMakeFiles/CMakeTmp'
Building C object CMakeFiles/cmTC_5a053.dir/src.c.o
/home/cat/.buildozer/android/platform/android-ndk-r19c/toolchains/llvm/prebuilt/linux-x86_64/bin/clang --target=aarch64-none-linux-android21 --gcc-toolchain=/home/cat/.buildozer/android/platform/android-ndk-r19c/toolchains/llvm/prebuilt/linux-x86_64 --sysroot=/home/cat/.buildozer/android/platform/android-ndk-r19c/toolchains/llvm/prebuilt/linux-x86_64/sysroot   -g -DANDROID -fdata-sections -ffunction-sections -funwind-tables -fstack-protector-strong -no-canonical-prefixes -fno-addrsig -Wa,--noexecstack -Wformat -Werror=format-security    -fsigned-char -W -Wall -Werror=return-type -Werror=non-virtual-dtor -Werror=address -Werror=sequence-point -Wformat -Werror=format-security -Wstrict-prototypes -Winit-self -Wpointer-arith -Wsign-promo -Wuninitialized -Winit-self -Winconsistent-missing-override -Wno-narrowing -Wno-delete-non-virtual-dtor -Wno-unnamed-type-template-args -Wno-comment -fdiagnostics-show-option -Qunused-arguments -ffunction-sections -fdata-sections    -fvisibility=hidden -fvisibility-inlines-hidden -Wno-missing-prototypes -Wno-missing-declarations -Wno-undef -Wno-unused -Wno-sign-compare -Wno-cast-align -Wno-shadow  -O2 -DNDEBUG  -fPIE   -Wno-maybe-uninitialized -o CMakeFiles/cmTC_5a053.dir/src.c.o   -c /home/cat/Desktop/kivy_glucose/.buildozer/android/platform/build-arm64-v8a/build/other_builds/opencv/arm64-v8a__ndk_target_21/opencv/build/CMakeFiles/CMakeTmp/src.c
warning: unknown warning option '-Wno-maybe-uninitialized'; did you mean '-Wno-uninitialized'? [-Wunknown-warning-option]
/home/cat/Desktop/kivy_glucose/.buildozer/android/platform/build-arm64-v8a/build/other_builds/opencv/arm64-v8a__ndk_target_21/opencv/build/CMakeFiles/CMakeTmp/src.c:1:8: warning: unknown pragma ignored [-Wunknown-pragmas]
#pragma
       ^
2 warnings generated.
Linking C executable cmTC_5a053
/home/cat/kivy_env/lib/python3.6/site-packages/cmake/data/bin/cmake -E cmake_link_script CMakeFiles/cmTC_5a053.dir/link.txt --verbose=1
/home/cat/.buildozer/android/platform/android-ndk-r19c/toolchains/llvm/prebuilt/linux-x86_64/bin/clang --target=aarch64-none-linux-android21 --gcc-toolchain=/home/cat/.buildozer/android/platform/android-ndk-r19c/toolchains/llvm/prebuilt/linux-x86_64 --sysroot=/home/cat/.buildozer/android/platform/android-ndk-r19c/toolchains/llvm/prebuilt/linux-x86_64/sysroot -g -DANDROID -fdata-sections -ffunction-sections -funwind-tables -fstack-protector-strong -no-canonical-prefixes -fno-addrsig -Wa,--noexecstack -Wformat -Werror=format-security    -fsigned-char -W -Wall -Werror=return-type -Werror=non-virtual-dtor -Werror=address -Werror=sequence-point -Wformat -Werror=format-security -Wstrict-prototypes -Winit-self -Wpointer-arith -Wsign-promo -Wuninitialized -Winit-self -Winconsistent-missing-override -Wno-narrowing -Wno-delete-non-virtual-dtor -Wno-unnamed-type-template-args -Wno-comment -fdiagnostics-show-option -Qunused-arguments -ffunction-sections -fdata-sections    -fvisibility=hidden -fvisibility-inlines-hidden -Wno-missing-prototypes -Wno-missing-declarations -Wno-undef -Wno-unused -Wno-sign-compare -Wno-cast-align -Wno-shadow  -O2 -DNDEBUG   -Wl,--exclude-libs,libgcc.a -Wl,--exclude-libs,libatomic.a -static-libstdc++ -Wl,--build-id -Wl,--warn-shared-textrel -Wl,--fatal-warnings -Wl,--no-undefined -Qunused-arguments -Wl,-z,noexecstack -Wl,-z,relro -Wl,-z,now -Wl,--gc-sections   -Wl,--gc-sections  CMakeFiles/cmTC_5a053.dir/src.c.o  -o cmTC_5a053 -latomic -lm 
make[1]: Leaving directory '/home/cat/Desktop/kivy_glucose/.buildozer/android/platform/build-arm64-v8a/build/other_builds/opencv/arm64-v8a__ndk_target_21/opencv/build/CMakeFiles/CMakeTmp'

===== END =====

Build output check failed:
    Regex: 'unknown .*option'
    Output line: 'warning: unknown warning option '-Wno-misleading-indentation', did you mean '-Wno-binding-in-condition'? [-Wunknown-warning-option]'
Compilation failed:
    source file: '/home/cat/Desktop/kivy_glucose/.buildozer/android/platform/build-arm64-v8a/build/other_builds/opencv/arm64-v8a__ndk_target_21/opencv/build/CMakeFiles/CMakeTmp/src.c'
    check option: ' -Wno-misleading-indentation'
===== BUILD LOG =====
Change Dir: /home/cat/Desktop/kivy_glucose/.buildozer/android/platform/build-arm64-v8a/build/other_builds/opencv/arm64-v8a__ndk_target_21/opencv/build/CMakeFiles/CMakeTmp

Run Build Command:"/usr/bin/make" "cmTC_02055/fast"
make -j4 -f CMakeFiles/cmTC_02055.dir/build.make CMakeFiles/cmTC_02055.dir/build
make[1]: Entering directory '/home/cat/Desktop/kivy_glucose/.buildozer/android/platform/build-arm64-v8a/build/other_builds/opencv/arm64-v8a__ndk_target_21/opencv/build/CMakeFiles/CMakeTmp'
Building C object CMakeFiles/cmTC_02055.dir/src.c.o
/home/cat/.buildozer/android/platform/android-ndk-r19c/toolchains/llvm/prebuilt/linux-x86_64/bin/clang --target=aarch64-none-linux-android21 --gcc-toolchain=/home/cat/.buildozer/android/platform/android-ndk-r19c/toolchains/llvm/prebuilt/linux-x86_64 --sysroot=/home/cat/.buildozer/android/platform/android-ndk-r19c/toolchains/llvm/prebuilt/linux-x86_64/sysroot   -g -DANDROID -fdata-sections -ffunction-sections -funwind-tables -fstack-protector-strong -no-canonical-prefixes -fno-addrsig -Wa,--noexecstack -Wformat -Werror=format-security    -fsigned-char -W -Wall -Werror=return-type -Werror=non-virtual-dtor -Werror=address -Werror=sequence-point -Wformat -Werror=format-security -Wstrict-prototypes -Winit-self -Wpointer-arith -Wsign-promo -Wuninitialized -Winit-self -Winconsistent-missing-override -Wno-narrowing -Wno-delete-non-virtual-dtor -Wno-unnamed-type-template-args -Wno-comment -fdiagnostics-show-option -Qunused-arguments -ffunction-sections -fdata-sections    -fvisibility=hidden -fvisibility-inlines-hidden -Wno-missing-prototypes -Wno-missing-declarations -Wno-undef -Wno-unused -Wno-sign-compare -Wno-cast-align -Wno-shadow -Wno-pointer-to-int-cast -Wno-int-to-pointer-cast  -O2 -DNDEBUG  -fPIE   -Wno-misleading-indentation -o CMakeFiles/cmTC_02055.dir/src.c.o   -c /home/cat/Desktop/kivy_glucose/.buildozer/android/platform/build-arm64-v8a/build/other_builds/opencv/arm64-v8a__ndk_target_21/opencv/build/CMakeFiles/CMakeTmp/src.c
warning: unknown warning option '-Wno-misleading-indentation'; did you mean '-Wno-binding-in-condition'? [-Wunknown-warning-option]
/home/cat/Desktop/kivy_glucose/.buildozer/android/platform/build-arm64-v8a/build/other_builds/opencv/arm64-v8a__ndk_target_21/opencv/build/CMakeFiles/CMakeTmp/src.c:1:8: warning: unknown pragma ignored [-Wunknown-pragmas]
#pragma
       ^
2 warnings generated.
Linking C executable cmTC_02055
/home/cat/kivy_env/lib/python3.6/site-packages/cmake/data/bin/cmake -E cmake_link_script CMakeFiles/cmTC_02055.dir/link.txt --verbose=1
/home/cat/.buildozer/android/platform/android-ndk-r19c/toolchains/llvm/prebuilt/linux-x86_64/bin/clang --target=aarch64-none-linux-android21 --gcc-toolchain=/home/cat/.buildozer/android/platform/android-ndk-r19c/toolchains/llvm/prebuilt/linux-x86_64 --sysroot=/home/cat/.buildozer/android/platform/android-ndk-r19c/toolchains/llvm/prebuilt/linux-x86_64/sysroot -g -DANDROID -fdata-sections -ffunction-sections -funwind-tables -fstack-protector-strong -no-canonical-prefixes -fno-addrsig -Wa,--noexecstack -Wformat -Werror=format-security    -fsigned-char -W -Wall -Werror=return-type -Werror=non-virtual-dtor -Werror=address -Werror=sequence-point -Wformat -Werror=format-security -Wstrict-prototypes -Winit-self -Wpointer-arith -Wsign-promo -Wuninitialized -Winit-self -Winconsistent-missing-override -Wno-narrowing -Wno-delete-non-virtual-dtor -Wno-unnamed-type-template-args -Wno-comment -fdiagnostics-show-option -Qunused-arguments -ffunction-sections -fdata-sections    -fvisibility=hidden -fvisibility-inlines-hidden -Wno-missing-prototypes -Wno-missing-declarations -Wno-undef -Wno-unused -Wno-sign-compare -Wno-cast-align -Wno-shadow -Wno-pointer-to-int-cast -Wno-int-to-pointer-cast  -O2 -DNDEBUG   -Wl,--exclude-libs,libgcc.a -Wl,--exclude-libs,libatomic.a -static-libstdc++ -Wl,--build-id -Wl,--warn-shared-textrel -Wl,--fatal-warnings -Wl,--no-undefined -Qunused-arguments -Wl,-z,noexecstack -Wl,-z,relro -Wl,-z,now -Wl,--gc-sections   -Wl,--gc-sections  CMakeFiles/cmTC_02055.dir/src.c.o  -o cmTC_02055 -latomic -lm 
make[1]: Leaving directory '/home/cat/Desktop/kivy_glucose/.buildozer/android/platform/build-arm64-v8a/build/other_builds/opencv/arm64-v8a__ndk_target_21/opencv/build/CMakeFiles/CMakeTmp'

===== END =====

Build output check failed:
    Regex: 'unknown .*option'
    Output line: 'warning: unknown warning option '-Wno-unused-but-set-parameter', did you mean '-Wno-unused-parameter'? [-Wunknown-warning-option]'
Compilation failed:
    source file: '/home/cat/Desktop/kivy_glucose/.buildozer/android/platform/build-arm64-v8a/build/other_builds/opencv/arm64-v8a__ndk_target_21/opencv/build/CMakeFiles/CMakeTmp/src.c'
    check option: ' -Wno-unused-but-set-parameter'
===== BUILD LOG =====
Change Dir: /home/cat/Desktop/kivy_glucose/.buildozer/android/platform/build-arm64-v8a/build/other_builds/opencv/arm64-v8a__ndk_target_21/opencv/build/CMakeFiles/CMakeTmp

Run Build Command:"/usr/bin/make" "cmTC_5818b/fast"
make -j4 -f CMakeFiles/cmTC_5818b.dir/build.make CMakeFiles/cmTC_5818b.dir/build
make[1]: Entering directory '/home/cat/Desktop/kivy_glucose/.buildozer/android/platform/build-arm64-v8a/build/other_builds/opencv/arm64-v8a__ndk_target_21/opencv/build/CMakeFiles/CMakeTmp'
Building C object CMakeFiles/cmTC_5818b.dir/src.c.o
/home/cat/.buildozer/android/platform/android-ndk-r19c/toolchains/llvm/prebuilt/linux-x86_64/bin/clang --target=aarch64-none-linux-android21 --gcc-toolchain=/home/cat/.buildozer/android/platform/android-ndk-r19c/toolchains/llvm/prebuilt/linux-x86_64 --sysroot=/home/cat/.buildozer/android/platform/android-ndk-r19c/toolchains/llvm/prebuilt/linux-x86_64/sysroot   -g -DANDROID -fdata-sections -ffunction-sections -funwind-tables -fstack-protector-strong -no-canonical-prefixes -fno-addrsig -Wa,--noexecstack -Wformat -Werror=format-security    -fsigned-char -W -Wall -Werror=return-type -Werror=non-virtual-dtor -Werror=address -Werror=sequence-point -Wformat -Werror=format-security -Wmissing-declarations -Wstrict-prototypes -Wundef -Winit-self -Wpointer-arith -Wshadow -Wsign-promo -Wuninitialized -Winit-self -Winconsistent-missing-override -Wno-narrowing -Wno-delete-non-virtual-dtor -Wno-unnamed-type-template-args -Wno-comment -fdiagnostics-show-option -Qunused-arguments -ffunction-sections -fdata-sections    -fvisibility=hidden -fvisibility-inlines-hidden -Wno-implicit-function-declaration -Wno-uninitialized -Wno-missing-prototypes  -O2 -DNDEBUG  -fPIE   -Wno-unused-but-set-parameter -o CMakeFiles/cmTC_5818b.dir/src.c.o   -c /home/cat/Desktop/kivy_glucose/.buildozer/android/platform/build-arm64-v8a/build/other_builds/opencv/arm64-v8a__ndk_target_21/opencv/build/CMakeFiles/CMakeTmp/src.c
warning: unknown warning option '-Wno-unused-but-set-parameter'; did you mean '-Wno-unused-parameter'? [-Wunknown-warning-option]
/home/cat/Desktop/kivy_glucose/.buildozer/android/platform/build-arm64-v8a/build/other_builds/opencv/arm64-v8a__ndk_target_21/opencv/build/CMakeFiles/CMakeTmp/src.c:1:8: warning: unknown pragma ignored [-Wunknown-pragmas]
#pragma
       ^
2 warnings generated.
Linking C executable cmTC_5818b
/home/cat/kivy_env/lib/python3.6/site-packages/cmake/data/bin/cmake -E cmake_link_script CMakeFiles/cmTC_5818b.dir/link.txt --verbose=1
/home/cat/.buildozer/android/platform/android-ndk-r19c/toolchains/llvm/prebuilt/linux-x86_64/bin/clang --target=aarch64-none-linux-android21 --gcc-toolchain=/home/cat/.buildozer/android/platform/android-ndk-r19c/toolchains/llvm/prebuilt/linux-x86_64 --sysroot=/home/cat/.buildozer/android/platform/android-ndk-r19c/toolchains/llvm/prebuilt/linux-x86_64/sysroot -g -DANDROID -fdata-sections -ffunction-sections -funwind-tables -fstack-protector-strong -no-canonical-prefixes -fno-addrsig -Wa,--noexecstack -Wformat -Werror=format-security    -fsigned-char -W -Wall -Werror=return-type -Werror=non-virtual-dtor -Werror=address -Werror=sequence-point -Wformat -Werror=format-security -Wmissing-declarations -Wstrict-prototypes -Wundef -Winit-self -Wpointer-arith -Wshadow -Wsign-promo -Wuninitialized -Winit-self -Winconsistent-missing-override -Wno-narrowing -Wno-delete-non-virtual-dtor -Wno-unnamed-type-template-args -Wno-comment -fdiagnostics-show-option -Qunused-arguments -ffunction-sections -fdata-sections    -fvisibility=hidden -fvisibility-inlines-hidden -Wno-implicit-function-declaration -Wno-uninitialized -Wno-missing-prototypes  -O2 -DNDEBUG   -Wl,--exclude-libs,libgcc.a -Wl,--exclude-libs,libatomic.a -static-libstdc++ -Wl,--build-id -Wl,--warn-shared-textrel -Wl,--fatal-warnings -Wl,--no-undefined -Qunused-arguments -Wl,-z,noexecstack -Wl,-z,relro -Wl,-z,now -Wl,--gc-sections   -Wl,--gc-sections  CMakeFiles/cmTC_5818b.dir/src.c.o  -o cmTC_5818b -latomic -lm 
make[1]: Leaving directory '/home/cat/Desktop/kivy_glucose/.buildozer/android/platform/build-arm64-v8a/build/other_builds/opencv/arm64-v8a__ndk_target_21/opencv/build/CMakeFiles/CMakeTmp'

===== END =====

Build output check failed:
    Regex: 'unknown .*option'
    Output line: 'warning: unknown warning option '-Wno-pointer-compare' [-Wunknown-warning-option]'
Compilation failed:
    source file: '/home/cat/Desktop/kivy_glucose/.buildozer/android/platform/build-arm64-v8a/build/other_builds/opencv/arm64-v8a__ndk_target_21/opencv/build/CMakeFiles/CMakeTmp/src.c'
    check option: ' -Wno-pointer-compare'
===== BUILD LOG =====
Change Dir: /home/cat/Desktop/kivy_glucose/.buildozer/android/platform/build-arm64-v8a/build/other_builds/opencv/arm64-v8a__ndk_target_21/opencv/build/CMakeFiles/CMakeTmp

Run Build Command:"/usr/bin/make" "cmTC_01a9f/fast"
make -j4 -f CMakeFiles/cmTC_01a9f.dir/build.make CMakeFiles/cmTC_01a9f.dir/build
make[1]: Entering directory '/home/cat/Desktop/kivy_glucose/.buildozer/android/platform/build-arm64-v8a/build/other_builds/opencv/arm64-v8a__ndk_target_21/opencv/build/CMakeFiles/CMakeTmp'
Building C object CMakeFiles/cmTC_01a9f.dir/src.c.o
/home/cat/.buildozer/android/platform/android-ndk-r19c/toolchains/llvm/prebuilt/linux-x86_64/bin/clang --target=aarch64-none-linux-android21 --gcc-toolchain=/home/cat/.buildozer/android/platform/android-ndk-r19c/toolchains/llvm/prebuilt/linux-x86_64 --sysroot=/home/cat/.buildozer/android/platform/android-ndk-r19c/toolchains/llvm/prebuilt/linux-x86_64/sysroot   -g -DANDROID -fdata-sections -ffunction-sections -funwind-tables -fstack-protector-strong -no-canonical-prefixes -fno-addrsig -Wa,--noexecstack -Wformat -Werror=format-security    -fsigned-char -W -Wall -Werror=return-type -Werror=non-virtual-dtor -Werror=address -Werror=sequence-point -Wformat -Werror=format-security -Wstrict-prototypes -Wundef -Winit-self -Wpointer-arith -Wsign-promo -Wuninitialized -Winit-self -Winconsistent-missing-override -Wno-narrowing -Wno-delete-non-virtual-dtor -Wno-unnamed-type-template-args -Wno-comment -fdiagnostics-show-option -Qunused-arguments -ffunction-sections -fdata-sections    -fvisibility=hidden -fvisibility-inlines-hidden -Wno-implicit-function-declaration -Wno-uninitialized -Wno-missing-prototypes -Wno-missing-declarations -Wno-unused -Wno-shadow -Wno-sign-compare -Wno-strict-overflow  -O2 -DNDEBUG  -fPIE   -Wno-pointer-compare -o CMakeFiles/cmTC_01a9f.dir/src.c.o   -c /home/cat/Desktop/kivy_glucose/.buildozer/android/platform/build-arm64-v8a/build/other_builds/opencv/arm64-v8a__ndk_target_21/opencv/build/CMakeFiles/CMakeTmp/src.c
warning: unknown warning option '-Wno-pointer-compare' [-Wunknown-warning-option]
/home/cat/Desktop/kivy_glucose/.buildozer/android/platform/build-arm64-v8a/build/other_builds/opencv/arm64-v8a__ndk_target_21/opencv/build/CMakeFiles/CMakeTmp/src.c:1:8: warning: unknown pragma ignored [-Wunknown-pragmas]
#pragma
       ^
2 warnings generated.
Linking C executable cmTC_01a9f
/home/cat/kivy_env/lib/python3.6/site-packages/cmake/data/bin/cmake -E cmake_link_script CMakeFiles/cmTC_01a9f.dir/link.txt --verbose=1
/home/cat/.buildozer/android/platform/android-ndk-r19c/toolchains/llvm/prebuilt/linux-x86_64/bin/clang --target=aarch64-none-linux-android21 --gcc-toolchain=/home/cat/.buildozer/android/platform/android-ndk-r19c/toolchains/llvm/prebuilt/linux-x86_64 --sysroot=/home/cat/.buildozer/android/platform/android-ndk-r19c/toolchains/llvm/prebuilt/linux-x86_64/sysroot -g -DANDROID -fdata-sections -ffunction-sections -funwind-tables -fstack-protector-strong -no-canonical-prefixes -fno-addrsig -Wa,--noexecstack -Wformat -Werror=format-security    -fsigned-char -W -Wall -Werror=return-type -Werror=non-virtual-dtor -Werror=address -Werror=sequence-point -Wformat -Werror=format-security -Wstrict-prototypes -Wundef -Winit-self -Wpointer-arith -Wsign-promo -Wuninitialized -Winit-self -Winconsistent-missing-override -Wno-narrowing -Wno-delete-non-virtual-dtor -Wno-unnamed-type-template-args -Wno-comment -fdiagnostics-show-option -Qunused-arguments -ffunction-sections -fdata-sections    -fvisibility=hidden -fvisibility-inlines-hidden -Wno-implicit-function-declaration -Wno-uninitialized -Wno-missing-prototypes -Wno-missing-declarations -Wno-unused -Wno-shadow -Wno-sign-compare -Wno-strict-overflow  -O2 -DNDEBUG   -Wl,--exclude-libs,libgcc.a -Wl,--exclude-libs,libatomic.a -static-libstdc++ -Wl,--build-id -Wl,--warn-shared-textrel -Wl,--fatal-warnings -Wl,--no-undefined -Qunused-arguments -Wl,-z,noexecstack -Wl,-z,relro -Wl,-z,now -Wl,--gc-sections   -Wl,--gc-sections  CMakeFiles/cmTC_01a9f.dir/src.c.o  -o cmTC_01a9f -latomic -lm 
make[1]: Leaving directory '/home/cat/Desktop/kivy_glucose/.buildozer/android/platform/build-arm64-v8a/build/other_builds/opencv/arm64-v8a__ndk_target_21/opencv/build/CMakeFiles/CMakeTmp'

===== END =====

Build output check failed:
    Regex: 'unknown .*option'
    Output line: 'warning: unknown warning option '-Wno-misleading-indentation', did you mean '-Wno-binding-in-condition'? [-Wunknown-warning-option]'
Compilation failed:
    source file: '/home/cat/Desktop/kivy_glucose/.buildozer/android/platform/build-arm64-v8a/build/other_builds/opencv/arm64-v8a__ndk_target_21/opencv/build/CMakeFiles/CMakeTmp/src.cxx'
    check option: ' -Wno-misleading-indentation'
===== BUILD LOG =====
Change Dir: /home/cat/Desktop/kivy_glucose/.buildozer/android/platform/build-arm64-v8a/build/other_builds/opencv/arm64-v8a__ndk_target_21/opencv/build/CMakeFiles/CMakeTmp

Run Build Command:"/usr/bin/make" "cmTC_fd1ba/fast"
make -j4 -f CMakeFiles/cmTC_fd1ba.dir/build.make CMakeFiles/cmTC_fd1ba.dir/build
make[1]: Entering directory '/home/cat/Desktop/kivy_glucose/.buildozer/android/platform/build-arm64-v8a/build/other_builds/opencv/arm64-v8a__ndk_target_21/opencv/build/CMakeFiles/CMakeTmp'
Building CXX object CMakeFiles/cmTC_fd1ba.dir/src.cxx.o
/home/cat/.buildozer/android/platform/android-ndk-r19c/toolchains/llvm/prebuilt/linux-x86_64/bin/clang++ --target=aarch64-none-linux-android21 --gcc-toolchain=/home/cat/.buildozer/android/platform/android-ndk-r19c/toolchains/llvm/prebuilt/linux-x86_64 --sysroot=/home/cat/.buildozer/android/platform/android-ndk-r19c/toolchains/llvm/prebuilt/linux-x86_64/sysroot    -g -DANDROID -fdata-sections -ffunction-sections -funwind-tables -fstack-protector-strong -no-canonical-prefixes -fno-addrsig -Wa,--noexecstack -Wformat -Werror=format-security -stdlib=libc++    -fsigned-char -W -Wall -Werror=return-type -Werror=non-virtual-dtor -Werror=address -Werror=sequence-point -Wformat -Werror=format-security -Wmissing-prototypes -Wstrict-prototypes -Winit-self -Wpointer-arith -Wsign-promo -Winit-self -Winconsistent-missing-override -Wno-narrowing -Wno-delete-non-virtual-dtor -Wno-unnamed-type-template-args -Wno-comment -fdiagnostics-show-option -Qunused-arguments -ffunction-sections -fdata-sections    -fvisibility=hidden -fvisibility-inlines-hidden -Wno-shadow -Wno-unused -Wno-sign-compare -Wno-undef -Wno-missing-declarations -Wno-uninitialized -Wno-switch -Wno-parentheses -Wno-array-bounds -Wno-extra -Wno-deprecated-declarations  -O2 -DNDEBUG  -fPIE   -Wno-misleading-indentation -std=c++11 -o CMakeFiles/cmTC_fd1ba.dir/src.cxx.o -c /home/cat/Desktop/kivy_glucose/.buildozer/android/platform/build-arm64-v8a/build/other_builds/opencv/arm64-v8a__ndk_target_21/opencv/build/CMakeFiles/CMakeTmp/src.cxx
warning: unknown warning option '-Wno-misleading-indentation'; did you mean '-Wno-binding-in-condition'? [-Wunknown-warning-option]
/home/cat/Desktop/kivy_glucose/.buildozer/android/platform/build-arm64-v8a/build/other_builds/opencv/arm64-v8a__ndk_target_21/opencv/build/CMakeFiles/CMakeTmp/src.cxx:1:8: warning: unknown pragma ignored [-Wunknown-pragmas]
#pragma
       ^
2 warnings generated.
Linking CXX executable cmTC_fd1ba
/home/cat/kivy_env/lib/python3.6/site-packages/cmake/data/bin/cmake -E cmake_link_script CMakeFiles/cmTC_fd1ba.dir/link.txt --verbose=1
/home/cat/.buildozer/android/platform/android-ndk-r19c/toolchains/llvm/prebuilt/linux-x86_64/bin/clang++ --target=aarch64-none-linux-android21 --gcc-toolchain=/home/cat/.buildozer/android/platform/android-ndk-r19c/toolchains/llvm/prebuilt/linux-x86_64 --sysroot=/home/cat/.buildozer/android/platform/android-ndk-r19c/toolchains/llvm/prebuilt/linux-x86_64/sysroot  -g -DANDROID -fdata-sections -ffunction-sections -funwind-tables -fstack-protector-strong -no-canonical-prefixes -fno-addrsig -Wa,--noexecstack -Wformat -Werror=format-security -stdlib=libc++    -fsigned-char -W -Wall -Werror=return-type -Werror=non-virtual-dtor -Werror=address -Werror=sequence-point -Wformat -Werror=format-security -Wmissing-prototypes -Wstrict-prototypes -Winit-self -Wpointer-arith -Wsign-promo -Winit-self -Winconsistent-missing-override -Wno-narrowing -Wno-delete-non-virtual-dtor -Wno-unnamed-type-template-args -Wno-comment -fdiagnostics-show-option -Qunused-arguments -ffunction-sections -fdata-sections    -fvisibility=hidden -fvisibility-inlines-hidden -Wno-shadow -Wno-unused -Wno-sign-compare -Wno-undef -Wno-missing-declarations -Wno-uninitialized -Wno-switch -Wno-parentheses -Wno-array-bounds -Wno-extra -Wno-deprecated-declarations  -O2 -DNDEBUG   -Wl,--exclude-libs,libgcc.a -Wl,--exclude-libs,libatomic.a -static-libstdc++ -Wl,--build-id -Wl,--warn-shared-textrel -Wl,--fatal-warnings -Wl,--no-undefined -Qunused-arguments -Wl,-z,noexecstack -Wl,-z,relro -Wl,-z,now -Wl,--gc-sections   -Wl,--gc-sections  CMakeFiles/cmTC_fd1ba.dir/src.cxx.o  -o cmTC_fd1ba -latomic -lm 
make[1]: Leaving directory '/home/cat/Desktop/kivy_glucose/.buildozer/android/platform/build-arm64-v8a/build/other_builds/opencv/arm64-v8a__ndk_target_21/opencv/build/CMakeFiles/CMakeTmp'

===== END =====

Build output check failed:
    Regex: 'unknown .*option'
    Output line: 'warning: unknown warning option '-Wno-suggest-override', did you mean '-Wno-shift-overflow'? [-Wunknown-warning-option]'
Compilation failed:
    source file: '/home/cat/Desktop/kivy_glucose/.buildozer/android/platform/build-arm64-v8a/build/other_builds/opencv/arm64-v8a__ndk_target_21/opencv/build/CMakeFiles/CMakeTmp/src.cxx'
    check option: ' -Wno-suggest-override'
===== BUILD LOG =====
Change Dir: /home/cat/Desktop/kivy_glucose/.buildozer/android/platform/build-arm64-v8a/build/other_builds/opencv/arm64-v8a__ndk_target_21/opencv/build/CMakeFiles/CMakeTmp

Run Build Command:"/usr/bin/make" "cmTC_8925c/fast"
make -j4 -f CMakeFiles/cmTC_8925c.dir/build.make CMakeFiles/cmTC_8925c.dir/build
make[1]: Entering directory '/home/cat/Desktop/kivy_glucose/.buildozer/android/platform/build-arm64-v8a/build/other_builds/opencv/arm64-v8a__ndk_target_21/opencv/build/CMakeFiles/CMakeTmp'
Building CXX object CMakeFiles/cmTC_8925c.dir/src.cxx.o
/home/cat/.buildozer/android/platform/android-ndk-r19c/toolchains/llvm/prebuilt/linux-x86_64/bin/clang++ --target=aarch64-none-linux-android21 --gcc-toolchain=/home/cat/.buildozer/android/platform/android-ndk-r19c/toolchains/llvm/prebuilt/linux-x86_64 --sysroot=/home/cat/.buildozer/android/platform/android-ndk-r19c/toolchains/llvm/prebuilt/linux-x86_64/sysroot    -g -DANDROID -fdata-sections -ffunction-sections -funwind-tables -fstack-protector-strong -no-canonical-prefixes -fno-addrsig -Wa,--noexecstack -Wformat -Werror=format-security -stdlib=libc++    -fsigned-char -W -Wall -Werror=return-type -Werror=non-virtual-dtor -Werror=address -Werror=sequence-point -Wformat -Werror=format-security -Wmissing-prototypes -Wstrict-prototypes -Winit-self -Wpointer-arith -Wsign-promo -Winit-self -Winconsistent-missing-override -Wno-narrowing -Wno-delete-non-virtual-dtor -Wno-unnamed-type-template-args -Wno-comment -fdiagnostics-show-option -Qunused-arguments -ffunction-sections -fdata-sections    -fvisibility=hidden -fvisibility-inlines-hidden -Wno-shadow -Wno-unused -Wno-sign-compare -Wno-undef -Wno-missing-declarations -Wno-uninitialized -Wno-switch -Wno-parentheses -Wno-array-bounds -Wno-extra -Wno-deprecated-declarations -Wno-deprecated  -O2 -DNDEBUG  -fPIE   -Wno-suggest-override -std=c++11 -o CMakeFiles/cmTC_8925c.dir/src.cxx.o -c /home/cat/Desktop/kivy_glucose/.buildozer/android/platform/build-arm64-v8a/build/other_builds/opencv/arm64-v8a__ndk_target_21/opencv/build/CMakeFiles/CMakeTmp/src.cxx
warning: unknown warning option '-Wno-suggest-override'; did you mean '-Wno-shift-overflow'? [-Wunknown-warning-option]
/home/cat/Desktop/kivy_glucose/.buildozer/android/platform/build-arm64-v8a/build/other_builds/opencv/arm64-v8a__ndk_target_21/opencv/build/CMakeFiles/CMakeTmp/src.cxx:1:8: warning: unknown pragma ignored [-Wunknown-pragmas]
#pragma
       ^
2 warnings generated.
Linking CXX executable cmTC_8925c
/home/cat/kivy_env/lib/python3.6/site-packages/cmake/data/bin/cmake -E cmake_link_script CMakeFiles/cmTC_8925c.dir/link.txt --verbose=1
/home/cat/.buildozer/android/platform/android-ndk-r19c/toolchains/llvm/prebuilt/linux-x86_64/bin/clang++ --target=aarch64-none-linux-android21 --gcc-toolchain=/home/cat/.buildozer/android/platform/android-ndk-r19c/toolchains/llvm/prebuilt/linux-x86_64 --sysroot=/home/cat/.buildozer/android/platform/android-ndk-r19c/toolchains/llvm/prebuilt/linux-x86_64/sysroot  -g -DANDROID -fdata-sections -ffunction-sections -funwind-tables -fstack-protector-strong -no-canonical-prefixes -fno-addrsig -Wa,--noexecstack -Wformat -Werror=format-security -stdlib=libc++    -fsigned-char -W -Wall -Werror=return-type -Werror=non-virtual-dtor -Werror=address -Werror=sequence-point -Wformat -Werror=format-security -Wmissing-prototypes -Wstrict-prototypes -Winit-self -Wpointer-arith -Wsign-promo -Winit-self -Winconsistent-missing-override -Wno-narrowing -Wno-delete-non-virtual-dtor -Wno-unnamed-type-template-args -Wno-comment -fdiagnostics-show-option -Qunused-arguments -ffunction-sections -fdata-sections    -fvisibility=hidden -fvisibility-inlines-hidden -Wno-shadow -Wno-unused -Wno-sign-compare -Wno-undef -Wno-missing-declarations -Wno-uninitialized -Wno-switch -Wno-parentheses -Wno-array-bounds -Wno-extra -Wno-deprecated-declarations -Wno-deprecated  -O2 -DNDEBUG   -Wl,--exclude-libs,libgcc.a -Wl,--exclude-libs,libatomic.a -static-libstdc++ -Wl,--build-id -Wl,--warn-shared-textrel -Wl,--fatal-warnings -Wl,--no-undefined -Qunused-arguments -Wl,-z,noexecstack -Wl,-z,relro -Wl,-z,now -Wl,--gc-sections   -Wl,--gc-sections  CMakeFiles/cmTC_8925c.dir/src.cxx.o  -o cmTC_8925c -latomic -lm 
make[1]: Leaving directory '/home/cat/Desktop/kivy_glucose/.buildozer/android/platform/build-arm64-v8a/build/other_builds/opencv/arm64-v8a__ndk_target_21/opencv/build/CMakeFiles/CMakeTmp'

===== END =====

