Compilation failed:
    source file: '/home/cat/Desktop/kivy_glucose/.buildozer/android/platform/build-armeabi-v7a/build/other_builds/opencv/armeabi-v7a__ndk_target_21/opencv/cmake/checks/cpu_neon.cpp'
    check option: ''
===== BUILD LOG =====
Change Dir: /home/cat/Desktop/kivy_glucose/.buildozer/android/platform/build-armeabi-v7a/build/other_builds/opencv/armeabi-v7a__ndk_target_21/opencv/build/CMakeFiles/CMakeTmp

Run Build Command:"/usr/bin/make" "cmTC_30498/fast"
make -j4 -f CMakeFiles/cmTC_30498.dir/build.make CMakeFiles/cmTC_30498.dir/build
make[1]: Entering directory '/home/cat/Desktop/kivy_glucose/.buildozer/android/platform/build-armeabi-v7a/build/other_builds/opencv/armeabi-v7a__ndk_target_21/opencv/build/CMakeFiles/CMakeTmp'
Building CXX object CMakeFiles/cmTC_30498.dir/cpu_neon.cpp.o
/home/cat/.buildozer/android/platform/android-ndk-r19c/toolchains/llvm/prebuilt/linux-x86_64/bin/clang++ --target=armv7-none-linux-androideabi21 --gcc-toolchain=/home/cat/.buildozer/android/platform/android-ndk-r19c/toolchains/llvm/prebuilt/linux-x86_64 --sysroot=/home/cat/.buildozer/android/platform/android-ndk-r19c/toolchains/llvm/prebuilt/linux-x86_64/sysroot    -g -DANDROID -fdata-sections -ffunction-sections -funwind-tables -fstack-protector-strong -no-canonical-prefixes -mfpu=vfpv3-d16 -fno-addrsig -march=armv7-a -mthumb -Wa,--noexecstack -Wformat -Werror=format-security -stdlib=libc++   -Oz -DNDEBUG  -fPIE   -std=c++11 -o CMakeFiles/cmTC_30498.dir/cpu_neon.cpp.o -c /home/cat/Desktop/kivy_glucose/.buildozer/android/platform/build-armeabi-v7a/build/other_builds/opencv/armeabi-v7a__ndk_target_21/opencv/cmake/checks/cpu_neon.cpp
/home/cat/Desktop/kivy_glucose/.buildozer/android/platform/build-armeabi-v7a/build/other_builds/opencv/armeabi-v7a__ndk_target_21/opencv/cmake/checks/cpu_neon.cpp:20:2: error: "NEON is not supported"
#error "NEON is not supported"
 ^
/home/cat/Desktop/kivy_glucose/.buildozer/android/platform/build-armeabi-v7a/build/other_builds/opencv/armeabi-v7a__ndk_target_21/opencv/cmake/checks/cpu_neon.cpp:25:18: error: use of undeclared identifier 'test'
  printf("%d\n", test());
                 ^
2 errors generated.
CMakeFiles/cmTC_30498.dir/build.make:65: recipe for target 'CMakeFiles/cmTC_30498.dir/cpu_neon.cpp.o' failed
make[1]: *** [CMakeFiles/cmTC_30498.dir/cpu_neon.cpp.o] Error 1
make[1]: Leaving directory '/home/cat/Desktop/kivy_glucose/.buildozer/android/platform/build-armeabi-v7a/build/other_builds/opencv/armeabi-v7a__ndk_target_21/opencv/build/CMakeFiles/CMakeTmp'
Makefile:126: recipe for target 'cmTC_30498/fast' failed
make: *** [cmTC_30498/fast] Error 2

===== END =====

Compilation failed:
    source file: '/home/cat/Desktop/kivy_glucose/.buildozer/android/platform/build-armeabi-v7a/build/other_builds/opencv/armeabi-v7a__ndk_target_21/opencv/cmake/checks/cpu_fp16.cpp'
    check option: ''
===== BUILD LOG =====
Change Dir: /home/cat/Desktop/kivy_glucose/.buildozer/android/platform/build-armeabi-v7a/build/other_builds/opencv/armeabi-v7a__ndk_target_21/opencv/build/CMakeFiles/CMakeTmp

Run Build Command:"/usr/bin/make" "cmTC_19185/fast"
make -j4 -f CMakeFiles/cmTC_19185.dir/build.make CMakeFiles/cmTC_19185.dir/build
make[1]: Entering directory '/home/cat/Desktop/kivy_glucose/.buildozer/android/platform/build-armeabi-v7a/build/other_builds/opencv/armeabi-v7a__ndk_target_21/opencv/build/CMakeFiles/CMakeTmp'
Building CXX object CMakeFiles/cmTC_19185.dir/cpu_fp16.cpp.o
/home/cat/.buildozer/android/platform/android-ndk-r19c/toolchains/llvm/prebuilt/linux-x86_64/bin/clang++ --target=armv7-none-linux-androideabi21 --gcc-toolchain=/home/cat/.buildozer/android/platform/android-ndk-r19c/toolchains/llvm/prebuilt/linux-x86_64 --sysroot=/home/cat/.buildozer/android/platform/android-ndk-r19c/toolchains/llvm/prebuilt/linux-x86_64/sysroot    -g -DANDROID -fdata-sections -ffunction-sections -funwind-tables -fstack-protector-strong -no-canonical-prefixes -mfpu=vfpv3-d16 -fno-addrsig -march=armv7-a -mthumb -Wa,--noexecstack -Wformat -Werror=format-security -stdlib=libc++   -Oz -DNDEBUG  -fPIE   -std=c++11 -o CMakeFiles/cmTC_19185.dir/cpu_fp16.cpp.o -c /home/cat/Desktop/kivy_glucose/.buildozer/android/platform/build-armeabi-v7a/build/other_builds/opencv/armeabi-v7a__ndk_target_21/opencv/cmake/checks/cpu_fp16.cpp
In file included from /home/cat/Desktop/kivy_glucose/.buildozer/android/platform/build-armeabi-v7a/build/other_builds/opencv/armeabi-v7a__ndk_target_21/opencv/cmake/checks/cpu_fp16.cpp:15:
/home/cat/.buildozer/android/platform/android-ndk-r19c/toolchains/llvm/prebuilt/linux-x86_64/lib64/clang/8.0.2/include/arm_neon.h:28:2: error: "NEON support not enabled"
#error "NEON support not enabled"
 ^
/home/cat/.buildozer/android/platform/android-ndk-r19c/toolchains/llvm/prebuilt/linux-x86_64/lib64/clang/8.0.2/include/arm_neon.h:48:24: error: 'neon_vector_type' attribute is not supported for this target
typedef __attribute__((neon_vector_type(8))) int8_t int8x8_t;
                       ^
/home/cat/.buildozer/android/platform/android-ndk-r19c/toolchains/llvm/prebuilt/linux-x86_64/lib64/clang/8.0.2/include/arm_neon.h:49:24: error: 'neon_vector_type' attribute is not supported for this target
typedef __attribute__((neon_vector_type(16))) int8_t int8x16_t;
                       ^
/home/cat/.buildozer/android/platform/android-ndk-r19c/toolchains/llvm/prebuilt/linux-x86_64/lib64/clang/8.0.2/include/arm_neon.h:50:24: error: 'neon_vector_type' attribute is not supported for this target
typedef __attribute__((neon_vector_type(4))) int16_t int16x4_t;
                       ^
/home/cat/.buildozer/android/platform/android-ndk-r19c/toolchains/llvm/prebuilt/linux-x86_64/lib64/clang/8.0.2/include/arm_neon.h:51:24: error: 'neon_vector_type' attribute is not supported for this target
typedef __attribute__((neon_vector_type(8))) int16_t int16x8_t;
                       ^
/home/cat/.buildozer/android/platform/android-ndk-r19c/toolchains/llvm/prebuilt/linux-x86_64/lib64/clang/8.0.2/include/arm_neon.h:52:24: error: 'neon_vector_type' attribute is not supported for this target
typedef __attribute__((neon_vector_type(2))) int32_t int32x2_t;
                       ^
/home/cat/.buildozer/android/platform/android-ndk-r19c/toolchains/llvm/prebuilt/linux-x86_64/lib64/clang/8.0.2/include/arm_neon.h:53:24: error: 'neon_vector_type' attribute is not supported for this target
typedef __attribute__((neon_vector_type(4))) int32_t int32x4_t;
                       ^
/home/cat/.buildozer/android/platform/android-ndk-r19c/toolchains/llvm/prebuilt/linux-x86_64/lib64/clang/8.0.2/include/arm_neon.h:54:24: error: 'neon_vector_type' attribute is not supported for this target
typedef __attribute__((neon_vector_type(1))) int64_t int64x1_t;
                       ^
/home/cat/.buildozer/android/platform/android-ndk-r19c/toolchains/llvm/prebuilt/linux-x86_64/lib64/clang/8.0.2/include/arm_neon.h:55:24: error: 'neon_vector_type' attribute is not supported for this target
typedef __attribute__((neon_vector_type(2))) int64_t int64x2_t;
                       ^
/home/cat/.buildozer/android/platform/android-ndk-r19c/toolchains/llvm/prebuilt/linux-x86_64/lib64/clang/8.0.2/include/arm_neon.h:56:24: error: 'neon_vector_type' attribute is not supported for this target
typedef __attribute__((neon_vector_type(8))) uint8_t uint8x8_t;
                       ^
/home/cat/.buildozer/android/platform/android-ndk-r19c/toolchains/llvm/prebuilt/linux-x86_64/lib64/clang/8.0.2/include/arm_neon.h:57:24: error: 'neon_vector_type' attribute is not supported for this target
typedef __attribute__((neon_vector_type(16))) uint8_t uint8x16_t;
                       ^
/home/cat/.buildozer/android/platform/android-ndk-r19c/toolchains/llvm/prebuilt/linux-x86_64/lib64/clang/8.0.2/include/arm_neon.h:58:24: error: 'neon_vector_type' attribute is not supported for this target
typedef __attribute__((neon_vector_type(4))) uint16_t uint16x4_t;
                       ^
/home/cat/.buildozer/android/platform/android-ndk-r19c/toolchains/llvm/prebuilt/linux-x86_64/lib64/clang/8.0.2/include/arm_neon.h:59:24: error: 'neon_vector_type' attribute is not supported for this target
typedef __attribute__((neon_vector_type(8))) uint16_t uint16x8_t;
                       ^
/home/cat/.buildozer/android/platform/android-ndk-r19c/toolchains/llvm/prebuilt/linux-x86_64/lib64/clang/8.0.2/include/arm_neon.h:60:24: error: 'neon_vector_type' attribute is not supported for this target
typedef __attribute__((neon_vector_type(2))) uint32_t uint32x2_t;
                       ^
/home/cat/.buildozer/android/platform/android-ndk-r19c/toolchains/llvm/prebuilt/linux-x86_64/lib64/clang/8.0.2/include/arm_neon.h:61:24: error: 'neon_vector_type' attribute is not supported for this target
typedef __attribute__((neon_vector_type(4))) uint32_t uint32x4_t;
                       ^
/home/cat/.buildozer/android/platform/android-ndk-r19c/toolchains/llvm/prebuilt/linux-x86_64/lib64/clang/8.0.2/include/arm_neon.h:62:24: error: 'neon_vector_type' attribute is not supported for this target
typedef __attribute__((neon_vector_type(1))) uint64_t uint64x1_t;
                       ^
/home/cat/.buildozer/android/platform/android-ndk-r19c/toolchains/llvm/prebuilt/linux-x86_64/lib64/clang/8.0.2/include/arm_neon.h:63:24: error: 'neon_vector_type' attribute is not supported for this target
typedef __attribute__((neon_vector_type(2))) uint64_t uint64x2_t;
                       ^
/home/cat/.buildozer/android/platform/android-ndk-r19c/toolchains/llvm/prebuilt/linux-x86_64/lib64/clang/8.0.2/include/arm_neon.h:64:24: error: 'neon_vector_type' attribute is not supported for this target
typedef __attribute__((neon_vector_type(4))) float16_t float16x4_t;
                       ^
/home/cat/.buildozer/android/platform/android-ndk-r19c/toolchains/llvm/prebuilt/linux-x86_64/lib64/clang/8.0.2/include/arm_neon.h:65:24: error: 'neon_vector_type' attribute is not supported for this target
typedef __attribute__((neon_vector_type(8))) float16_t float16x8_t;
                       ^
fatal error: too many errors emitted, stopping now [-ferror-limit=]
20 errors generated.
CMakeFiles/cmTC_19185.dir/build.make:65: recipe for target 'CMakeFiles/cmTC_19185.dir/cpu_fp16.cpp.o' failed
make[1]: *** [CMakeFiles/cmTC_19185.dir/cpu_fp16.cpp.o] Error 1
make[1]: Leaving directory '/home/cat/Desktop/kivy_glucose/.buildozer/android/platform/build-armeabi-v7a/build/other_builds/opencv/armeabi-v7a__ndk_target_21/opencv/build/CMakeFiles/CMakeTmp'
Makefile:126: recipe for target 'cmTC_19185/fast' failed
make: *** [cmTC_19185/fast] Error 2

===== END =====

Compilation failed:
    source file: '/home/cat/Desktop/kivy_glucose/.buildozer/android/platform/build-armeabi-v7a/build/other_builds/opencv/armeabi-v7a__ndk_target_21/opencv/build/CMakeFiles/CMakeTmp/src.cxx'
    check option: ' -fsigned-char -W -Wall -Werror=return-type -Werror=non-virtual-dtor -Werror=address -Werror=sequence-point -Wformat -Werror=format-security -Wmissing-declarations -Wmissing-prototypes -Wstrict-prototypes -Wundef -Winit-self -Wpointer-arith -Wshadow -Wsign-promo -Wuninitialized -Winit-self -Winconsistent-missing-override -Wno-narrowing -Wno-delete-non-virtual-dtor -Wno-unnamed-type-template-args -Wno-comment -fdiagnostics-show-option -Qunused-arguments -ffunction-sections -fdata-sections   -mfp16-format=ieee'
===== BUILD LOG =====
Change Dir: /home/cat/Desktop/kivy_glucose/.buildozer/android/platform/build-armeabi-v7a/build/other_builds/opencv/armeabi-v7a__ndk_target_21/opencv/build/CMakeFiles/CMakeTmp

Run Build Command:"/usr/bin/make" "cmTC_f7a1e/fast"
make -j4 -f CMakeFiles/cmTC_f7a1e.dir/build.make CMakeFiles/cmTC_f7a1e.dir/build
make[1]: Entering directory '/home/cat/Desktop/kivy_glucose/.buildozer/android/platform/build-armeabi-v7a/build/other_builds/opencv/armeabi-v7a__ndk_target_21/opencv/build/CMakeFiles/CMakeTmp'
Building CXX object CMakeFiles/cmTC_f7a1e.dir/src.cxx.o
/home/cat/.buildozer/android/platform/android-ndk-r19c/toolchains/llvm/prebuilt/linux-x86_64/bin/clang++ --target=armv7-none-linux-androideabi21 --gcc-toolchain=/home/cat/.buildozer/android/platform/android-ndk-r19c/toolchains/llvm/prebuilt/linux-x86_64 --sysroot=/home/cat/.buildozer/android/platform/android-ndk-r19c/toolchains/llvm/prebuilt/linux-x86_64/sysroot    -g -DANDROID -fdata-sections -ffunction-sections -funwind-tables -fstack-protector-strong -no-canonical-prefixes -mfpu=vfpv3-d16 -fno-addrsig -march=armv7-a -mthumb -Wa,--noexecstack -Wformat -Werror=format-security -stdlib=libc++   -Oz -DNDEBUG  -fPIE   -fsigned-char -W -Wall -Werror=return-type -Werror=non-virtual-dtor -Werror=address -Werror=sequence-point -Wformat -Werror=format-security -Wmissing-declarations -Wmissing-prototypes -Wstrict-prototypes -Wundef -Winit-self -Wpointer-arith -Wshadow -Wsign-promo -Wuninitialized -Winit-self -Winconsistent-missing-override -Wno-narrowing -Wno-delete-non-virtual-dtor -Wno-unnamed-type-template-args -Wno-comment -fdiagnostics-show-option -Qunused-arguments -ffunction-sections -fdata-sections -mfp16-format=ieee -std=c++11 -o CMakeFiles/cmTC_f7a1e.dir/src.cxx.o -c /home/cat/Desktop/kivy_glucose/.buildozer/android/platform/build-armeabi-v7a/build/other_builds/opencv/armeabi-v7a__ndk_target_21/opencv/build/CMakeFiles/CMakeTmp/src.cxx
clang++: error: unknown argument: '-mfp16-format=ieee'
CMakeFiles/cmTC_f7a1e.dir/build.make:65: recipe for target 'CMakeFiles/cmTC_f7a1e.dir/src.cxx.o' failed
make[1]: *** [CMakeFiles/cmTC_f7a1e.dir/src.cxx.o] Error 1
make[1]: Leaving directory '/home/cat/Desktop/kivy_glucose/.buildozer/android/platform/build-armeabi-v7a/build/other_builds/opencv/armeabi-v7a__ndk_target_21/opencv/build/CMakeFiles/CMakeTmp'
Makefile:126: recipe for target 'cmTC_f7a1e/fast' failed
make: *** [cmTC_f7a1e/fast] Error 2

===== END =====

Compilation failed:
    source file: '/home/cat/Desktop/kivy_glucose/.buildozer/android/platform/build-armeabi-v7a/build/other_builds/opencv/armeabi-v7a__ndk_target_21/opencv/build/CMakeFiles/CMakeTmp/src.c'
    check option: ' -fsigned-char -W -Wall -Werror=return-type -Werror=non-virtual-dtor -Werror=address -Werror=sequence-point -Wformat -Werror=format-security -Wmissing-declarations -Wmissing-prototypes -Wstrict-prototypes -Wundef -Winit-self -Wpointer-arith -Wshadow -Wsign-promo -Wuninitialized -Winit-self -Winconsistent-missing-override -Wno-narrowing -Wno-delete-non-virtual-dtor -Wno-unnamed-type-template-args -Wno-comment -fdiagnostics-show-option -Qunused-arguments -ffunction-sections -fdata-sections   -mfp16-format=ieee'
===== BUILD LOG =====
Change Dir: /home/cat/Desktop/kivy_glucose/.buildozer/android/platform/build-armeabi-v7a/build/other_builds/opencv/armeabi-v7a__ndk_target_21/opencv/build/CMakeFiles/CMakeTmp

Run Build Command:"/usr/bin/make" "cmTC_815b7/fast"
make -j4 -f CMakeFiles/cmTC_815b7.dir/build.make CMakeFiles/cmTC_815b7.dir/build
make[1]: Entering directory '/home/cat/Desktop/kivy_glucose/.buildozer/android/platform/build-armeabi-v7a/build/other_builds/opencv/armeabi-v7a__ndk_target_21/opencv/build/CMakeFiles/CMakeTmp'
Building C object CMakeFiles/cmTC_815b7.dir/src.c.o
/home/cat/.buildozer/android/platform/android-ndk-r19c/toolchains/llvm/prebuilt/linux-x86_64/bin/clang --target=armv7-none-linux-androideabi21 --gcc-toolchain=/home/cat/.buildozer/android/platform/android-ndk-r19c/toolchains/llvm/prebuilt/linux-x86_64 --sysroot=/home/cat/.buildozer/android/platform/android-ndk-r19c/toolchains/llvm/prebuilt/linux-x86_64/sysroot   -g -DANDROID -fdata-sections -ffunction-sections -funwind-tables -fstack-protector-strong -no-canonical-prefixes -mfpu=vfpv3-d16 -fno-addrsig -march=armv7-a -mthumb -Wa,--noexecstack -Wformat -Werror=format-security   -Oz -DNDEBUG  -fPIE   -fsigned-char -W -Wall -Werror=return-type -Werror=non-virtual-dtor -Werror=address -Werror=sequence-point -Wformat -Werror=format-security -Wmissing-declarations -Wmissing-prototypes -Wstrict-prototypes -Wundef -Winit-self -Wpointer-arith -Wshadow -Wsign-promo -Wuninitialized -Winit-self -Winconsistent-missing-override -Wno-narrowing -Wno-delete-non-virtual-dtor -Wno-unnamed-type-template-args -Wno-comment -fdiagnostics-show-option -Qunused-arguments -ffunction-sections -fdata-sections -mfp16-format=ieee -o CMakeFiles/cmTC_815b7.dir/src.c.o   -c /home/cat/Desktop/kivy_glucose/.buildozer/android/platform/build-armeabi-v7a/build/other_builds/opencv/armeabi-v7a__ndk_target_21/opencv/build/CMakeFiles/CMakeTmp/src.c
clang: error: unknown argument: '-mfp16-format=ieee'
CMakeFiles/cmTC_815b7.dir/build.make:65: recipe for target 'CMakeFiles/cmTC_815b7.dir/src.c.o' failed
make[1]: *** [CMakeFiles/cmTC_815b7.dir/src.c.o] Error 1
make[1]: Leaving directory '/home/cat/Desktop/kivy_glucose/.buildozer/android/platform/build-armeabi-v7a/build/other_builds/opencv/armeabi-v7a__ndk_target_21/opencv/build/CMakeFiles/CMakeTmp'
Makefile:126: recipe for target 'cmTC_815b7/fast' failed
make: *** [cmTC_815b7/fast] Error 2

===== END =====

Determining if the include file io.h exists failed with the following output:
Change Dir: /home/cat/Desktop/kivy_glucose/.buildozer/android/platform/build-armeabi-v7a/build/other_builds/opencv/armeabi-v7a__ndk_target_21/opencv/build/CMakeFiles/CMakeTmp

Run Build Command:"/usr/bin/make" "cmTC_47736/fast"
make -j4 -f CMakeFiles/cmTC_47736.dir/build.make CMakeFiles/cmTC_47736.dir/build
make[1]: Entering directory '/home/cat/Desktop/kivy_glucose/.buildozer/android/platform/build-armeabi-v7a/build/other_builds/opencv/armeabi-v7a__ndk_target_21/opencv/build/CMakeFiles/CMakeTmp'
Building C object CMakeFiles/cmTC_47736.dir/CheckIncludeFile.c.o
/home/cat/.buildozer/android/platform/android-ndk-r19c/toolchains/llvm/prebuilt/linux-x86_64/bin/clang --target=armv7-none-linux-androideabi21 --gcc-toolchain=/home/cat/.buildozer/android/platform/android-ndk-r19c/toolchains/llvm/prebuilt/linux-x86_64 --sysroot=/home/cat/.buildozer/android/platform/android-ndk-r19c/toolchains/llvm/prebuilt/linux-x86_64/sysroot   -g -DANDROID -fdata-sections -ffunction-sections -funwind-tables -fstack-protector-strong -no-canonical-prefixes -mfpu=vfpv3-d16 -fno-addrsig -march=armv7-a -mthumb -Wa,--noexecstack -Wformat -Werror=format-security    -fsigned-char -W -Wall -Werror=return-type -Werror=non-virtual-dtor -Werror=address -Werror=sequence-point -Wformat -Werror=format-security -Wmissing-declarations -Wmissing-prototypes -Wstrict-prototypes -Wundef -Winit-self -Wpointer-arith -Wshadow -Wsign-promo -Wuninitialized -Winit-self -Winconsistent-missing-override -Wno-narrowing -Wno-delete-non-virtual-dtor -Wno-unnamed-type-template-args -Wno-comment -fdiagnostics-show-option -Qunused-arguments -ffunction-sections -fdata-sections  -fvisibility=hidden -fvisibility-inlines-hidden  -Oz -DNDEBUG  -fPIE   -o CMakeFiles/cmTC_47736.dir/CheckIncludeFile.c.o   -c /home/cat/Desktop/kivy_glucose/.buildozer/android/platform/build-armeabi-v7a/build/other_builds/opencv/armeabi-v7a__ndk_target_21/opencv/build/CMakeFiles/CMakeTmp/CheckIncludeFile.c
/home/cat/Desktop/kivy_glucose/.buildozer/android/platform/build-armeabi-v7a/build/other_builds/opencv/armeabi-v7a__ndk_target_21/opencv/build/CMakeFiles/CMakeTmp/CheckIncludeFile.c:1:10: fatal error: 'io.h' file not found
#include <io.h>
         ^~~~~~
1 error generated.
CMakeFiles/cmTC_47736.dir/build.make:65: recipe for target 'CMakeFiles/cmTC_47736.dir/CheckIncludeFile.c.o' failed
make[1]: *** [CMakeFiles/cmTC_47736.dir/CheckIncludeFile.c.o] Error 1
make[1]: Leaving directory '/home/cat/Desktop/kivy_glucose/.buildozer/android/platform/build-armeabi-v7a/build/other_builds/opencv/armeabi-v7a__ndk_target_21/opencv/build/CMakeFiles/CMakeTmp'
Makefile:126: recipe for target 'cmTC_47736/fast' failed
make: *** [cmTC_47736/fast] Error 2


Determining size of INT8 failed with the following output:
Change Dir: /home/cat/Desktop/kivy_glucose/.buildozer/android/platform/build-armeabi-v7a/build/other_builds/opencv/armeabi-v7a__ndk_target_21/opencv/build/CMakeFiles/CMakeTmp

Run Build Command:"/usr/bin/make" "cmTC_d6213/fast"
make -j4 -f CMakeFiles/cmTC_d6213.dir/build.make CMakeFiles/cmTC_d6213.dir/build
make[1]: Entering directory '/home/cat/Desktop/kivy_glucose/.buildozer/android/platform/build-armeabi-v7a/build/other_builds/opencv/armeabi-v7a__ndk_target_21/opencv/build/CMakeFiles/CMakeTmp'
Building C object CMakeFiles/cmTC_d6213.dir/int8.c.o
/home/cat/.buildozer/android/platform/android-ndk-r19c/toolchains/llvm/prebuilt/linux-x86_64/bin/clang --target=armv7-none-linux-androideabi21 --gcc-toolchain=/home/cat/.buildozer/android/platform/android-ndk-r19c/toolchains/llvm/prebuilt/linux-x86_64 --sysroot=/home/cat/.buildozer/android/platform/android-ndk-r19c/toolchains/llvm/prebuilt/linux-x86_64/sysroot   -g -DANDROID -fdata-sections -ffunction-sections -funwind-tables -fstack-protector-strong -no-canonical-prefixes -mfpu=vfpv3-d16 -fno-addrsig -march=armv7-a -mthumb -Wa,--noexecstack -Wformat -Werror=format-security    -fsigned-char -W -Wall -Werror=return-type -Werror=non-virtual-dtor -Werror=address -Werror=sequence-point -Wformat -Werror=format-security -Wmissing-declarations -Wmissing-prototypes -Wstrict-prototypes -Wundef -Winit-self -Wpointer-arith -Wshadow -Wsign-promo -Wuninitialized -Winit-self -Winconsistent-missing-override -Wno-narrowing -Wno-delete-non-virtual-dtor -Wno-unnamed-type-template-args -Wno-comment -fdiagnostics-show-option -Qunused-arguments -ffunction-sections -fdata-sections  -fvisibility=hidden -fvisibility-inlines-hidden  -Oz -DNDEBUG  -fPIE   -o CMakeFiles/cmTC_d6213.dir/int8.c.o   -c /home/cat/Desktop/kivy_glucose/.buildozer/android/platform/build-armeabi-v7a/build/other_builds/opencv/armeabi-v7a__ndk_target_21/opencv/build/CMakeFiles/CheckTypeSize/int8.c
/home/cat/Desktop/kivy_glucose/.buildozer/android/platform/build-armeabi-v7a/build/other_builds/opencv/armeabi-v7a__ndk_target_21/opencv/build/CMakeFiles/CheckTypeSize/int8.c:19:12: error: use of undeclared identifier 'INT8'
  ('0' + ((SIZE / 10000)%10)),
           ^
/home/cat/Desktop/kivy_glucose/.buildozer/android/platform/build-armeabi-v7a/build/other_builds/opencv/armeabi-v7a__ndk_target_21/opencv/build/CMakeFiles/CheckTypeSize/int8.c:17:22: note: expanded from macro 'SIZE'
#define SIZE (sizeof(INT8))
                     ^
/home/cat/Desktop/kivy_glucose/.buildozer/android/platform/build-armeabi-v7a/build/other_builds/opencv/armeabi-v7a__ndk_target_21/opencv/build/CMakeFiles/CheckTypeSize/int8.c:20:12: error: use of undeclared identifier 'INT8'
  ('0' + ((SIZE / 1000)%10)),
           ^
/home/cat/Desktop/kivy_glucose/.buildozer/android/platform/build-armeabi-v7a/build/other_builds/opencv/armeabi-v7a__ndk_target_21/opencv/build/CMakeFiles/CheckTypeSize/int8.c:17:22: note: expanded from macro 'SIZE'
#define SIZE (sizeof(INT8))
                     ^
/home/cat/Desktop/kivy_glucose/.buildozer/android/platform/build-armeabi-v7a/build/other_builds/opencv/armeabi-v7a__ndk_target_21/opencv/build/CMakeFiles/CheckTypeSize/int8.c:21:12: error: use of undeclared identifier 'INT8'
  ('0' + ((SIZE / 100)%10)),
           ^
/home/cat/Desktop/kivy_glucose/.buildozer/android/platform/build-armeabi-v7a/build/other_builds/opencv/armeabi-v7a__ndk_target_21/opencv/build/CMakeFiles/CheckTypeSize/int8.c:17:22: note: expanded from macro 'SIZE'
#define SIZE (sizeof(INT8))
                     ^
/home/cat/Desktop/kivy_glucose/.buildozer/android/platform/build-armeabi-v7a/build/other_builds/opencv/armeabi-v7a__ndk_target_21/opencv/build/CMakeFiles/CheckTypeSize/int8.c:22:12: error: use of undeclared identifier 'INT8'
  ('0' + ((SIZE / 10)%10)),
           ^
/home/cat/Desktop/kivy_glucose/.buildozer/android/platform/build-armeabi-v7a/build/other_builds/opencv/armeabi-v7a__ndk_target_21/opencv/build/CMakeFiles/CheckTypeSize/int8.c:17:22: note: expanded from macro 'SIZE'
#define SIZE (sizeof(INT8))
                     ^
/home/cat/Desktop/kivy_glucose/.buildozer/android/platform/build-armeabi-v7a/build/other_builds/opencv/armeabi-v7a__ndk_target_21/opencv/build/CMakeFiles/CheckTypeSize/int8.c:23:12: error: use of undeclared identifier 'INT8'
  ('0' +  (SIZE    % 10)),
           ^
/home/cat/Desktop/kivy_glucose/.buildozer/android/platform/build-armeabi-v7a/build/other_builds/opencv/armeabi-v7a__ndk_target_21/opencv/build/CMakeFiles/CheckTypeSize/int8.c:17:22: note: expanded from macro 'SIZE'
#define SIZE (sizeof(INT8))
                     ^
5 errors generated.
CMakeFiles/cmTC_d6213.dir/build.make:65: recipe for target 'CMakeFiles/cmTC_d6213.dir/int8.c.o' failed
make[1]: *** [CMakeFiles/cmTC_d6213.dir/int8.c.o] Error 1
make[1]: Leaving directory '/home/cat/Desktop/kivy_glucose/.buildozer/android/platform/build-armeabi-v7a/build/other_builds/opencv/armeabi-v7a__ndk_target_21/opencv/build/CMakeFiles/CMakeTmp'
Makefile:126: recipe for target 'cmTC_d6213/fast' failed
make: *** [cmTC_d6213/fast] Error 2

/home/cat/Desktop/kivy_glucose/.buildozer/android/platform/build-armeabi-v7a/build/other_builds/opencv/armeabi-v7a__ndk_target_21/opencv/build/CMakeFiles/CheckTypeSize/int8.c:
#include <sys/types.h>
#include <stdint.h>
#include <stddef.h>


#undef KEY
#if defined(__i386)
# define KEY '_','_','i','3','8','6'
#elif defined(__x86_64)
# define KEY '_','_','x','8','6','_','6','4'
#elif defined(__ppc__)
# define KEY '_','_','p','p','c','_','_'
#elif defined(__ppc64__)
# define KEY '_','_','p','p','c','6','4','_','_'
#endif

#define SIZE (sizeof(INT8))
char info_size[] =  {'I', 'N', 'F', 'O', ':', 's','i','z','e','[',
  ('0' + ((SIZE / 10000)%10)),
  ('0' + ((SIZE / 1000)%10)),
  ('0' + ((SIZE / 100)%10)),
  ('0' + ((SIZE / 10)%10)),
  ('0' +  (SIZE    % 10)),
  ']',
#ifdef KEY
  ' ','k','e','y','[', KEY, ']',
#endif
  '\0'};

#ifdef __CLASSIC_C__
int main(argc, argv) int argc; char *argv[];
#else
int main(int argc, char *argv[])
#endif
{
  int require = 0;
  require += info_size[argc];
  (void)argv;
  return require;
}


Determining size of INT16 failed with the following output:
Change Dir: /home/cat/Desktop/kivy_glucose/.buildozer/android/platform/build-armeabi-v7a/build/other_builds/opencv/armeabi-v7a__ndk_target_21/opencv/build/CMakeFiles/CMakeTmp

Run Build Command:"/usr/bin/make" "cmTC_d3f83/fast"
make -j4 -f CMakeFiles/cmTC_d3f83.dir/build.make CMakeFiles/cmTC_d3f83.dir/build
make[1]: Entering directory '/home/cat/Desktop/kivy_glucose/.buildozer/android/platform/build-armeabi-v7a/build/other_builds/opencv/armeabi-v7a__ndk_target_21/opencv/build/CMakeFiles/CMakeTmp'
Building C object CMakeFiles/cmTC_d3f83.dir/int16.c.o
/home/cat/.buildozer/android/platform/android-ndk-r19c/toolchains/llvm/prebuilt/linux-x86_64/bin/clang --target=armv7-none-linux-androideabi21 --gcc-toolchain=/home/cat/.buildozer/android/platform/android-ndk-r19c/toolchains/llvm/prebuilt/linux-x86_64 --sysroot=/home/cat/.buildozer/android/platform/android-ndk-r19c/toolchains/llvm/prebuilt/linux-x86_64/sysroot   -g -DANDROID -fdata-sections -ffunction-sections -funwind-tables -fstack-protector-strong -no-canonical-prefixes -mfpu=vfpv3-d16 -fno-addrsig -march=armv7-a -mthumb -Wa,--noexecstack -Wformat -Werror=format-security    -fsigned-char -W -Wall -Werror=return-type -Werror=non-virtual-dtor -Werror=address -Werror=sequence-point -Wformat -Werror=format-security -Wmissing-declarations -Wmissing-prototypes -Wstrict-prototypes -Wundef -Winit-self -Wpointer-arith -Wshadow -Wsign-promo -Wuninitialized -Winit-self -Winconsistent-missing-override -Wno-narrowing -Wno-delete-non-virtual-dtor -Wno-unnamed-type-template-args -Wno-comment -fdiagnostics-show-option -Qunused-arguments -ffunction-sections -fdata-sections  -fvisibility=hidden -fvisibility-inlines-hidden  -Oz -DNDEBUG  -fPIE   -o CMakeFiles/cmTC_d3f83.dir/int16.c.o   -c /home/cat/Desktop/kivy_glucose/.buildozer/android/platform/build-armeabi-v7a/build/other_builds/opencv/armeabi-v7a__ndk_target_21/opencv/build/CMakeFiles/CheckTypeSize/int16.c
/home/cat/Desktop/kivy_glucose/.buildozer/android/platform/build-armeabi-v7a/build/other_builds/opencv/armeabi-v7a__ndk_target_21/opencv/build/CMakeFiles/CheckTypeSize/int16.c:19:12: error: use of undeclared identifier 'INT16'
  ('0' + ((SIZE / 10000)%10)),
           ^
/home/cat/Desktop/kivy_glucose/.buildozer/android/platform/build-armeabi-v7a/build/other_builds/opencv/armeabi-v7a__ndk_target_21/opencv/build/CMakeFiles/CheckTypeSize/int16.c:17:22: note: expanded from macro 'SIZE'
#define SIZE (sizeof(INT16))
                     ^
/home/cat/Desktop/kivy_glucose/.buildozer/android/platform/build-armeabi-v7a/build/other_builds/opencv/armeabi-v7a__ndk_target_21/opencv/build/CMakeFiles/CheckTypeSize/int16.c:20:12: error: use of undeclared identifier 'INT16'
  ('0' + ((SIZE / 1000)%10)),
           ^
/home/cat/Desktop/kivy_glucose/.buildozer/android/platform/build-armeabi-v7a/build/other_builds/opencv/armeabi-v7a__ndk_target_21/opencv/build/CMakeFiles/CheckTypeSize/int16.c:17:22: note: expanded from macro 'SIZE'
#define SIZE (sizeof(INT16))
                     ^
/home/cat/Desktop/kivy_glucose/.buildozer/android/platform/build-armeabi-v7a/build/other_builds/opencv/armeabi-v7a__ndk_target_21/opencv/build/CMakeFiles/CheckTypeSize/int16.c:21:12: error: use of undeclared identifier 'INT16'
  ('0' + ((SIZE / 100)%10)),
           ^
/home/cat/Desktop/kivy_glucose/.buildozer/android/platform/build-armeabi-v7a/build/other_builds/opencv/armeabi-v7a__ndk_target_21/opencv/build/CMakeFiles/CheckTypeSize/int16.c:17:22: note: expanded from macro 'SIZE'
#define SIZE (sizeof(INT16))
                     ^
/home/cat/Desktop/kivy_glucose/.buildozer/android/platform/build-armeabi-v7a/build/other_builds/opencv/armeabi-v7a__ndk_target_21/opencv/build/CMakeFiles/CheckTypeSize/int16.c:22:12: error: use of undeclared identifier 'INT16'
  ('0' + ((SIZE / 10)%10)),
           ^
/home/cat/Desktop/kivy_glucose/.buildozer/android/platform/build-armeabi-v7a/build/other_builds/opencv/armeabi-v7a__ndk_target_21/opencv/build/CMakeFiles/CheckTypeSize/int16.c:17:22: note: expanded from macro 'SIZE'
#define SIZE (sizeof(INT16))
                     ^
/home/cat/Desktop/kivy_glucose/.buildozer/android/platform/build-armeabi-v7a/build/other_builds/opencv/armeabi-v7a__ndk_target_21/opencv/build/CMakeFiles/CheckTypeSize/int16.c:23:12: error: use of undeclared identifier 'INT16'
  ('0' +  (SIZE    % 10)),
           ^
/home/cat/Desktop/kivy_glucose/.buildozer/android/platform/build-armeabi-v7a/build/other_builds/opencv/armeabi-v7a__ndk_target_21/opencv/build/CMakeFiles/CheckTypeSize/int16.c:17:22: note: expanded from macro 'SIZE'
#define SIZE (sizeof(INT16))
                     ^
5 errors generated.
CMakeFiles/cmTC_d3f83.dir/build.make:65: recipe for target 'CMakeFiles/cmTC_d3f83.dir/int16.c.o' failed
make[1]: *** [CMakeFiles/cmTC_d3f83.dir/int16.c.o] Error 1
make[1]: Leaving directory '/home/cat/Desktop/kivy_glucose/.buildozer/android/platform/build-armeabi-v7a/build/other_builds/opencv/armeabi-v7a__ndk_target_21/opencv/build/CMakeFiles/CMakeTmp'
Makefile:126: recipe for target 'cmTC_d3f83/fast' failed
make: *** [cmTC_d3f83/fast] Error 2

/home/cat/Desktop/kivy_glucose/.buildozer/android/platform/build-armeabi-v7a/build/other_builds/opencv/armeabi-v7a__ndk_target_21/opencv/build/CMakeFiles/CheckTypeSize/int16.c:
#include <sys/types.h>
#include <stdint.h>
#include <stddef.h>


#undef KEY
#if defined(__i386)
# define KEY '_','_','i','3','8','6'
#elif defined(__x86_64)
# define KEY '_','_','x','8','6','_','6','4'
#elif defined(__ppc__)
# define KEY '_','_','p','p','c','_','_'
#elif defined(__ppc64__)
# define KEY '_','_','p','p','c','6','4','_','_'
#endif

#define SIZE (sizeof(INT16))
char info_size[] =  {'I', 'N', 'F', 'O', ':', 's','i','z','e','[',
  ('0' + ((SIZE / 10000)%10)),
  ('0' + ((SIZE / 1000)%10)),
  ('0' + ((SIZE / 100)%10)),
  ('0' + ((SIZE / 10)%10)),
  ('0' +  (SIZE    % 10)),
  ']',
#ifdef KEY
  ' ','k','e','y','[', KEY, ']',
#endif
  '\0'};

#ifdef __CLASSIC_C__
int main(argc, argv) int argc; char *argv[];
#else
int main(int argc, char *argv[])
#endif
{
  int require = 0;
  require += info_size[argc];
  (void)argv;
  return require;
}


Determining size of INT32 failed with the following output:
Change Dir: /home/cat/Desktop/kivy_glucose/.buildozer/android/platform/build-armeabi-v7a/build/other_builds/opencv/armeabi-v7a__ndk_target_21/opencv/build/CMakeFiles/CMakeTmp

Run Build Command:"/usr/bin/make" "cmTC_eb801/fast"
make -j4 -f CMakeFiles/cmTC_eb801.dir/build.make CMakeFiles/cmTC_eb801.dir/build
make[1]: Entering directory '/home/cat/Desktop/kivy_glucose/.buildozer/android/platform/build-armeabi-v7a/build/other_builds/opencv/armeabi-v7a__ndk_target_21/opencv/build/CMakeFiles/CMakeTmp'
Building C object CMakeFiles/cmTC_eb801.dir/int32.c.o
/home/cat/.buildozer/android/platform/android-ndk-r19c/toolchains/llvm/prebuilt/linux-x86_64/bin/clang --target=armv7-none-linux-androideabi21 --gcc-toolchain=/home/cat/.buildozer/android/platform/android-ndk-r19c/toolchains/llvm/prebuilt/linux-x86_64 --sysroot=/home/cat/.buildozer/android/platform/android-ndk-r19c/toolchains/llvm/prebuilt/linux-x86_64/sysroot   -g -DANDROID -fdata-sections -ffunction-sections -funwind-tables -fstack-protector-strong -no-canonical-prefixes -mfpu=vfpv3-d16 -fno-addrsig -march=armv7-a -mthumb -Wa,--noexecstack -Wformat -Werror=format-security    -fsigned-char -W -Wall -Werror=return-type -Werror=non-virtual-dtor -Werror=address -Werror=sequence-point -Wformat -Werror=format-security -Wmissing-declarations -Wmissing-prototypes -Wstrict-prototypes -Wundef -Winit-self -Wpointer-arith -Wshadow -Wsign-promo -Wuninitialized -Winit-self -Winconsistent-missing-override -Wno-narrowing -Wno-delete-non-virtual-dtor -Wno-unnamed-type-template-args -Wno-comment -fdiagnostics-show-option -Qunused-arguments -ffunction-sections -fdata-sections  -fvisibility=hidden -fvisibility-inlines-hidden  -Oz -DNDEBUG  -fPIE   -o CMakeFiles/cmTC_eb801.dir/int32.c.o   -c /home/cat/Desktop/kivy_glucose/.buildozer/android/platform/build-armeabi-v7a/build/other_builds/opencv/armeabi-v7a__ndk_target_21/opencv/build/CMakeFiles/CheckTypeSize/int32.c
/home/cat/Desktop/kivy_glucose/.buildozer/android/platform/build-armeabi-v7a/build/other_builds/opencv/armeabi-v7a__ndk_target_21/opencv/build/CMakeFiles/CheckTypeSize/int32.c:19:12: error: use of undeclared identifier 'INT32'
  ('0' + ((SIZE / 10000)%10)),
           ^
/home/cat/Desktop/kivy_glucose/.buildozer/android/platform/build-armeabi-v7a/build/other_builds/opencv/armeabi-v7a__ndk_target_21/opencv/build/CMakeFiles/CheckTypeSize/int32.c:17:22: note: expanded from macro 'SIZE'
#define SIZE (sizeof(INT32))
                     ^
/home/cat/Desktop/kivy_glucose/.buildozer/android/platform/build-armeabi-v7a/build/other_builds/opencv/armeabi-v7a__ndk_target_21/opencv/build/CMakeFiles/CheckTypeSize/int32.c:20:12: error: use of undeclared identifier 'INT32'
  ('0' + ((SIZE / 1000)%10)),
           ^
/home/cat/Desktop/kivy_glucose/.buildozer/android/platform/build-armeabi-v7a/build/other_builds/opencv/armeabi-v7a__ndk_target_21/opencv/build/CMakeFiles/CheckTypeSize/int32.c:17:22: note: expanded from macro 'SIZE'
#define SIZE (sizeof(INT32))
                     ^
/home/cat/Desktop/kivy_glucose/.buildozer/android/platform/build-armeabi-v7a/build/other_builds/opencv/armeabi-v7a__ndk_target_21/opencv/build/CMakeFiles/CheckTypeSize/int32.c:21:12: error: use of undeclared identifier 'INT32'
  ('0' + ((SIZE / 100)%10)),
           ^
/home/cat/Desktop/kivy_glucose/.buildozer/android/platform/build-armeabi-v7a/build/other_builds/opencv/armeabi-v7a__ndk_target_21/opencv/build/CMakeFiles/CheckTypeSize/int32.c:17:22: note: expanded from macro 'SIZE'
#define SIZE (sizeof(INT32))
                     ^
/home/cat/Desktop/kivy_glucose/.buildozer/android/platform/build-armeabi-v7a/build/other_builds/opencv/armeabi-v7a__ndk_target_21/opencv/build/CMakeFiles/CheckTypeSize/int32.c:22:12: error: use of undeclared identifier 'INT32'
  ('0' + ((SIZE / 10)%10)),
           ^
/home/cat/Desktop/kivy_glucose/.buildozer/android/platform/build-armeabi-v7a/build/other_builds/opencv/armeabi-v7a__ndk_target_21/opencv/build/CMakeFiles/CheckTypeSize/int32.c:17:22: note: expanded from macro 'SIZE'
#define SIZE (sizeof(INT32))
                     ^
/home/cat/Desktop/kivy_glucose/.buildozer/android/platform/build-armeabi-v7a/build/other_builds/opencv/armeabi-v7a__ndk_target_21/opencv/build/CMakeFiles/CheckTypeSize/int32.c:23:12: error: use of undeclared identifier 'INT32'
  ('0' +  (SIZE    % 10)),
           ^
/home/cat/Desktop/kivy_glucose/.buildozer/android/platform/build-armeabi-v7a/build/other_builds/opencv/armeabi-v7a__ndk_target_21/opencv/build/CMakeFiles/CheckTypeSize/int32.c:17:22: note: expanded from macro 'SIZE'
#define SIZE (sizeof(INT32))
                     ^
5 errors generated.
CMakeFiles/cmTC_eb801.dir/build.make:65: recipe for target 'CMakeFiles/cmTC_eb801.dir/int32.c.o' failed
make[1]: *** [CMakeFiles/cmTC_eb801.dir/int32.c.o] Error 1
make[1]: Leaving directory '/home/cat/Desktop/kivy_glucose/.buildozer/android/platform/build-armeabi-v7a/build/other_builds/opencv/armeabi-v7a__ndk_target_21/opencv/build/CMakeFiles/CMakeTmp'
Makefile:126: recipe for target 'cmTC_eb801/fast' failed
make: *** [cmTC_eb801/fast] Error 2

/home/cat/Desktop/kivy_glucose/.buildozer/android/platform/build-armeabi-v7a/build/other_builds/opencv/armeabi-v7a__ndk_target_21/opencv/build/CMakeFiles/CheckTypeSize/int32.c:
#include <sys/types.h>
#include <stdint.h>
#include <stddef.h>


#undef KEY
#if defined(__i386)
# define KEY '_','_','i','3','8','6'
#elif defined(__x86_64)
# define KEY '_','_','x','8','6','_','6','4'
#elif defined(__ppc__)
# define KEY '_','_','p','p','c','_','_'
#elif defined(__ppc64__)
# define KEY '_','_','p','p','c','6','4','_','_'
#endif

#define SIZE (sizeof(INT32))
char info_size[] =  {'I', 'N', 'F', 'O', ':', 's','i','z','e','[',
  ('0' + ((SIZE / 10000)%10)),
  ('0' + ((SIZE / 1000)%10)),
  ('0' + ((SIZE / 100)%10)),
  ('0' + ((SIZE / 10)%10)),
  ('0' +  (SIZE    % 10)),
  ']',
#ifdef KEY
  ' ','k','e','y','[', KEY, ']',
#endif
  '\0'};

#ifdef __CLASSIC_C__
int main(argc, argv) int argc; char *argv[];
#else
int main(int argc, char *argv[])
#endif
{
  int require = 0;
  require += info_size[argc];
  (void)argv;
  return require;
}


Determining if the function setmode exists failed with the following output:
Change Dir: /home/cat/Desktop/kivy_glucose/.buildozer/android/platform/build-armeabi-v7a/build/other_builds/opencv/armeabi-v7a__ndk_target_21/opencv/build/CMakeFiles/CMakeTmp

Run Build Command:"/usr/bin/make" "cmTC_0c321/fast"
make -j4 -f CMakeFiles/cmTC_0c321.dir/build.make CMakeFiles/cmTC_0c321.dir/build
make[1]: Entering directory '/home/cat/Desktop/kivy_glucose/.buildozer/android/platform/build-armeabi-v7a/build/other_builds/opencv/armeabi-v7a__ndk_target_21/opencv/build/CMakeFiles/CMakeTmp'
Building C object CMakeFiles/cmTC_0c321.dir/CheckFunctionExists.c.o
/home/cat/.buildozer/android/platform/android-ndk-r19c/toolchains/llvm/prebuilt/linux-x86_64/bin/clang --target=armv7-none-linux-androideabi21 --gcc-toolchain=/home/cat/.buildozer/android/platform/android-ndk-r19c/toolchains/llvm/prebuilt/linux-x86_64 --sysroot=/home/cat/.buildozer/android/platform/android-ndk-r19c/toolchains/llvm/prebuilt/linux-x86_64/sysroot   -g -DANDROID -fdata-sections -ffunction-sections -funwind-tables -fstack-protector-strong -no-canonical-prefixes -mfpu=vfpv3-d16 -fno-addrsig -march=armv7-a -mthumb -Wa,--noexecstack -Wformat -Werror=format-security    -fsigned-char -W -Wall -Werror=return-type -Werror=non-virtual-dtor -Werror=address -Werror=sequence-point -Wformat -Werror=format-security -Wmissing-declarations -Wmissing-prototypes -Wstrict-prototypes -Wundef -Winit-self -Wpointer-arith -Wshadow -Wsign-promo -Wuninitialized -Winit-self -Winconsistent-missing-override -Wno-narrowing -Wno-delete-non-virtual-dtor -Wno-unnamed-type-template-args -Wno-comment -fdiagnostics-show-option -Qunused-arguments -ffunction-sections -fdata-sections  -fvisibility=hidden -fvisibility-inlines-hidden -DCHECK_FUNCTION_EXISTS=setmode -Oz -DNDEBUG  -fPIE   -o CMakeFiles/cmTC_0c321.dir/CheckFunctionExists.c.o   -c /home/cat/kivy_env/lib/python3.6/site-packages/cmake/data/share/cmake-3.8/Modules/CheckFunctionExists.c
Linking C executable cmTC_0c321
/home/cat/kivy_env/lib/python3.6/site-packages/cmake/data/bin/cmake -E cmake_link_script CMakeFiles/cmTC_0c321.dir/link.txt --verbose=1
/home/cat/.buildozer/android/platform/android-ndk-r19c/toolchains/llvm/prebuilt/linux-x86_64/bin/clang --target=armv7-none-linux-androideabi21 --gcc-toolchain=/home/cat/.buildozer/android/platform/android-ndk-r19c/toolchains/llvm/prebuilt/linux-x86_64 --sysroot=/home/cat/.buildozer/android/platform/android-ndk-r19c/toolchains/llvm/prebuilt/linux-x86_64/sysroot -g -DANDROID -fdata-sections -ffunction-sections -funwind-tables -fstack-protector-strong -no-canonical-prefixes -mfpu=vfpv3-d16 -fno-addrsig -march=armv7-a -mthumb -Wa,--noexecstack -Wformat -Werror=format-security    -fsigned-char -W -Wall -Werror=return-type -Werror=non-virtual-dtor -Werror=address -Werror=sequence-point -Wformat -Werror=format-security -Wmissing-declarations -Wmissing-prototypes -Wstrict-prototypes -Wundef -Winit-self -Wpointer-arith -Wshadow -Wsign-promo -Wuninitialized -Winit-self -Winconsistent-missing-override -Wno-narrowing -Wno-delete-non-virtual-dtor -Wno-unnamed-type-template-args -Wno-comment -fdiagnostics-show-option -Qunused-arguments -ffunction-sections -fdata-sections  -fvisibility=hidden -fvisibility-inlines-hidden -DCHECK_FUNCTION_EXISTS=setmode -Oz -DNDEBUG   -Wl,--exclude-libs,libgcc.a -Wl,--exclude-libs,libatomic.a -static-libstdc++ -Wl,--build-id -Wl,--warn-shared-textrel -Wl,--fatal-warnings -Wl,--exclude-libs,libunwind.a -Wl,--no-undefined -Qunused-arguments -Wl,-z,noexecstack -Wl,-z,relro -Wl,-z,now -Wl,--gc-sections   -Wl,--gc-sections  CMakeFiles/cmTC_0c321.dir/CheckFunctionExists.c.o  -o cmTC_0c321 -latomic -lm 
/home/cat/kivy_env/lib/python3.6/site-packages/cmake/data/share/cmake-3.8/Modules/CheckFunctionExists.c:17: error: undefined reference to 'setmode'
clang: error: linker command failed with exit code 1 (use -v to see invocation)
CMakeFiles/cmTC_0c321.dir/build.make:97: recipe for target 'cmTC_0c321' failed
make[1]: *** [cmTC_0c321] Error 1
make[1]: Leaving directory '/home/cat/Desktop/kivy_glucose/.buildozer/android/platform/build-armeabi-v7a/build/other_builds/opencv/armeabi-v7a__ndk_target_21/opencv/build/CMakeFiles/CMakeTmp'
Makefile:126: recipe for target 'cmTC_0c321/fast' failed
make: *** [cmTC_0c321/fast] Error 2


Build output check failed:
    Regex: 'unknown .*option'
    Output line: 'warning: unknown warning option '-Wno-unused-but-set-variable', did you mean '-Wno-unused-const-variable'? [-Wunknown-warning-option]'
Compilation failed:
    source file: '/home/cat/Desktop/kivy_glucose/.buildozer/android/platform/build-armeabi-v7a/build/other_builds/opencv/armeabi-v7a__ndk_target_21/opencv/build/CMakeFiles/CMakeTmp/src.c'
    check option: ' -Wno-unused-but-set-variable'
===== BUILD LOG =====
Change Dir: /home/cat/Desktop/kivy_glucose/.buildozer/android/platform/build-armeabi-v7a/build/other_builds/opencv/armeabi-v7a__ndk_target_21/opencv/build/CMakeFiles/CMakeTmp

Run Build Command:"/usr/bin/make" "cmTC_685eb/fast"
make -j4 -f CMakeFiles/cmTC_685eb.dir/build.make CMakeFiles/cmTC_685eb.dir/build
make[1]: Entering directory '/home/cat/Desktop/kivy_glucose/.buildozer/android/platform/build-armeabi-v7a/build/other_builds/opencv/armeabi-v7a__ndk_target_21/opencv/build/CMakeFiles/CMakeTmp'
Building C object CMakeFiles/cmTC_685eb.dir/src.c.o
/home/cat/.buildozer/android/platform/android-ndk-r19c/toolchains/llvm/prebuilt/linux-x86_64/bin/clang --target=armv7-none-linux-androideabi21 --gcc-toolchain=/home/cat/.buildozer/android/platform/android-ndk-r19c/toolchains/llvm/prebuilt/linux-x86_64 --sysroot=/home/cat/.buildozer/android/platform/android-ndk-r19c/toolchains/llvm/prebuilt/linux-x86_64/sysroot   -g -DANDROID -fdata-sections -ffunction-sections -funwind-tables -fstack-protector-strong -no-canonical-prefixes -mfpu=vfpv3-d16 -fno-addrsig -march=armv7-a -mthumb -Wa,--noexecstack -Wformat -Werror=format-security    -fsigned-char -W -Wall -Werror=return-type -Werror=non-virtual-dtor -Werror=address -Werror=sequence-point -Wformat -Werror=format-security -Wmissing-declarations -Wmissing-prototypes -Wstrict-prototypes -Wundef -Winit-self -Wpointer-arith -Wshadow -Wsign-promo -Wuninitialized -Winit-self -Winconsistent-missing-override -Wno-narrowing -Wno-delete-non-virtual-dtor -Wno-unnamed-type-template-args -Wno-comment -fdiagnostics-show-option -Qunused-arguments -ffunction-sections -fdata-sections  -fvisibility=hidden -fvisibility-inlines-hidden  -Oz -DNDEBUG  -fPIE   -Wno-unused-but-set-variable -o CMakeFiles/cmTC_685eb.dir/src.c.o   -c /home/cat/Desktop/kivy_glucose/.buildozer/android/platform/build-armeabi-v7a/build/other_builds/opencv/armeabi-v7a__ndk_target_21/opencv/build/CMakeFiles/CMakeTmp/src.c
warning: unknown warning option '-Wno-unused-but-set-variable'; did you mean '-Wno-unused-const-variable'? [-Wunknown-warning-option]
/home/cat/Desktop/kivy_glucose/.buildozer/android/platform/build-armeabi-v7a/build/other_builds/opencv/armeabi-v7a__ndk_target_21/opencv/build/CMakeFiles/CMakeTmp/src.c:1:8: warning: unknown pragma ignored [-Wunknown-pragmas]
#pragma
       ^
2 warnings generated.
Linking C executable cmTC_685eb
/home/cat/kivy_env/lib/python3.6/site-packages/cmake/data/bin/cmake -E cmake_link_script CMakeFiles/cmTC_685eb.dir/link.txt --verbose=1
/home/cat/.buildozer/android/platform/android-ndk-r19c/toolchains/llvm/prebuilt/linux-x86_64/bin/clang --target=armv7-none-linux-androideabi21 --gcc-toolchain=/home/cat/.buildozer/android/platform/android-ndk-r19c/toolchains/llvm/prebuilt/linux-x86_64 --sysroot=/home/cat/.buildozer/android/platform/android-ndk-r19c/toolchains/llvm/prebuilt/linux-x86_64/sysroot -g -DANDROID -fdata-sections -ffunction-sections -funwind-tables -fstack-protector-strong -no-canonical-prefixes -mfpu=vfpv3-d16 -fno-addrsig -march=armv7-a -mthumb -Wa,--noexecstack -Wformat -Werror=format-security    -fsigned-char -W -Wall -Werror=return-type -Werror=non-virtual-dtor -Werror=address -Werror=sequence-point -Wformat -Werror=format-security -Wmissing-declarations -Wmissing-prototypes -Wstrict-prototypes -Wundef -Winit-self -Wpointer-arith -Wshadow -Wsign-promo -Wuninitialized -Winit-self -Winconsistent-missing-override -Wno-narrowing -Wno-delete-non-virtual-dtor -Wno-unnamed-type-template-args -Wno-comment -fdiagnostics-show-option -Qunused-arguments -ffunction-sections -fdata-sections  -fvisibility=hidden -fvisibility-inlines-hidden  -Oz -DNDEBUG   -Wl,--exclude-libs,libgcc.a -Wl,--exclude-libs,libatomic.a -static-libstdc++ -Wl,--build-id -Wl,--warn-shared-textrel -Wl,--fatal-warnings -Wl,--exclude-libs,libunwind.a -Wl,--no-undefined -Qunused-arguments -Wl,-z,noexecstack -Wl,-z,relro -Wl,-z,now -Wl,--gc-sections   -Wl,--gc-sections  CMakeFiles/cmTC_685eb.dir/src.c.o  -o cmTC_685eb -latomic -lm 
make[1]: Leaving directory '/home/cat/Desktop/kivy_glucose/.buildozer/android/platform/build-armeabi-v7a/build/other_builds/opencv/armeabi-v7a__ndk_target_21/opencv/build/CMakeFiles/CMakeTmp'

===== END =====

Build output check failed:
    Regex: 'unknown .*option'
    Output line: 'warning: unknown warning option '-Wno-maybe-uninitialized', did you mean '-Wno-uninitialized'? [-Wunknown-warning-option]'
Compilation failed:
    source file: '/home/cat/Desktop/kivy_glucose/.buildozer/android/platform/build-armeabi-v7a/build/other_builds/opencv/armeabi-v7a__ndk_target_21/opencv/build/CMakeFiles/CMakeTmp/src.c'
    check option: ' -Wno-maybe-uninitialized'
===== BUILD LOG =====
Change Dir: /home/cat/Desktop/kivy_glucose/.buildozer/android/platform/build-armeabi-v7a/build/other_builds/opencv/armeabi-v7a__ndk_target_21/opencv/build/CMakeFiles/CMakeTmp

Run Build Command:"/usr/bin/make" "cmTC_8569a/fast"
make -j4 -f CMakeFiles/cmTC_8569a.dir/build.make CMakeFiles/cmTC_8569a.dir/build
make[1]: Entering directory '/home/cat/Desktop/kivy_glucose/.buildozer/android/platform/build-armeabi-v7a/build/other_builds/opencv/armeabi-v7a__ndk_target_21/opencv/build/CMakeFiles/CMakeTmp'
Building C object CMakeFiles/cmTC_8569a.dir/src.c.o
/home/cat/.buildozer/android/platform/android-ndk-r19c/toolchains/llvm/prebuilt/linux-x86_64/bin/clang --target=armv7-none-linux-androideabi21 --gcc-toolchain=/home/cat/.buildozer/android/platform/android-ndk-r19c/toolchains/llvm/prebuilt/linux-x86_64 --sysroot=/home/cat/.buildozer/android/platform/android-ndk-r19c/toolchains/llvm/prebuilt/linux-x86_64/sysroot   -g -DANDROID -fdata-sections -ffunction-sections -funwind-tables -fstack-protector-strong -no-canonical-prefixes -mfpu=vfpv3-d16 -fno-addrsig -march=armv7-a -mthumb -Wa,--noexecstack -Wformat -Werror=format-security    -fsigned-char -W -Wall -Werror=return-type -Werror=non-virtual-dtor -Werror=address -Werror=sequence-point -Wformat -Werror=format-security -Wstrict-prototypes -Winit-self -Wpointer-arith -Wsign-promo -Wuninitialized -Winit-self -Winconsistent-missing-override -Wno-narrowing -Wno-delete-non-virtual-dtor -Wno-unnamed-type-template-args -Wno-comment -fdiagnostics-show-option -Qunused-arguments -ffunction-sections -fdata-sections  -fvisibility=hidden -fvisibility-inlines-hidden -Wno-missing-prototypes -Wno-missing-declarations -Wno-undef -Wno-unused -Wno-sign-compare -Wno-cast-align -Wno-shadow  -Oz -DNDEBUG  -fPIE   -Wno-maybe-uninitialized -o CMakeFiles/cmTC_8569a.dir/src.c.o   -c /home/cat/Desktop/kivy_glucose/.buildozer/android/platform/build-armeabi-v7a/build/other_builds/opencv/armeabi-v7a__ndk_target_21/opencv/build/CMakeFiles/CMakeTmp/src.c
warning: unknown warning option '-Wno-maybe-uninitialized'; did you mean '-Wno-uninitialized'? [-Wunknown-warning-option]
/home/cat/Desktop/kivy_glucose/.buildozer/android/platform/build-armeabi-v7a/build/other_builds/opencv/armeabi-v7a__ndk_target_21/opencv/build/CMakeFiles/CMakeTmp/src.c:1:8: warning: unknown pragma ignored [-Wunknown-pragmas]
#pragma
       ^
2 warnings generated.
Linking C executable cmTC_8569a
/home/cat/kivy_env/lib/python3.6/site-packages/cmake/data/bin/cmake -E cmake_link_script CMakeFiles/cmTC_8569a.dir/link.txt --verbose=1
/home/cat/.buildozer/android/platform/android-ndk-r19c/toolchains/llvm/prebuilt/linux-x86_64/bin/clang --target=armv7-none-linux-androideabi21 --gcc-toolchain=/home/cat/.buildozer/android/platform/android-ndk-r19c/toolchains/llvm/prebuilt/linux-x86_64 --sysroot=/home/cat/.buildozer/android/platform/android-ndk-r19c/toolchains/llvm/prebuilt/linux-x86_64/sysroot -g -DANDROID -fdata-sections -ffunction-sections -funwind-tables -fstack-protector-strong -no-canonical-prefixes -mfpu=vfpv3-d16 -fno-addrsig -march=armv7-a -mthumb -Wa,--noexecstack -Wformat -Werror=format-security    -fsigned-char -W -Wall -Werror=return-type -Werror=non-virtual-dtor -Werror=address -Werror=sequence-point -Wformat -Werror=format-security -Wstrict-prototypes -Winit-self -Wpointer-arith -Wsign-promo -Wuninitialized -Winit-self -Winconsistent-missing-override -Wno-narrowing -Wno-delete-non-virtual-dtor -Wno-unnamed-type-template-args -Wno-comment -fdiagnostics-show-option -Qunused-arguments -ffunction-sections -fdata-sections  -fvisibility=hidden -fvisibility-inlines-hidden -Wno-missing-prototypes -Wno-missing-declarations -Wno-undef -Wno-unused -Wno-sign-compare -Wno-cast-align -Wno-shadow  -Oz -DNDEBUG   -Wl,--exclude-libs,libgcc.a -Wl,--exclude-libs,libatomic.a -static-libstdc++ -Wl,--build-id -Wl,--warn-shared-textrel -Wl,--fatal-warnings -Wl,--exclude-libs,libunwind.a -Wl,--no-undefined -Qunused-arguments -Wl,-z,noexecstack -Wl,-z,relro -Wl,-z,now -Wl,--gc-sections   -Wl,--gc-sections  CMakeFiles/cmTC_8569a.dir/src.c.o  -o cmTC_8569a -latomic -lm 
make[1]: Leaving directory '/home/cat/Desktop/kivy_glucose/.buildozer/android/platform/build-armeabi-v7a/build/other_builds/opencv/armeabi-v7a__ndk_target_21/opencv/build/CMakeFiles/CMakeTmp'

===== END =====

Build output check failed:
    Regex: 'unknown .*option'
    Output line: 'warning: unknown warning option '-Wno-misleading-indentation', did you mean '-Wno-binding-in-condition'? [-Wunknown-warning-option]'
Compilation failed:
    source file: '/home/cat/Desktop/kivy_glucose/.buildozer/android/platform/build-armeabi-v7a/build/other_builds/opencv/armeabi-v7a__ndk_target_21/opencv/build/CMakeFiles/CMakeTmp/src.c'
    check option: ' -Wno-misleading-indentation'
===== BUILD LOG =====
Change Dir: /home/cat/Desktop/kivy_glucose/.buildozer/android/platform/build-armeabi-v7a/build/other_builds/opencv/armeabi-v7a__ndk_target_21/opencv/build/CMakeFiles/CMakeTmp

Run Build Command:"/usr/bin/make" "cmTC_8750f/fast"
make -j4 -f CMakeFiles/cmTC_8750f.dir/build.make CMakeFiles/cmTC_8750f.dir/build
make[1]: Entering directory '/home/cat/Desktop/kivy_glucose/.buildozer/android/platform/build-armeabi-v7a/build/other_builds/opencv/armeabi-v7a__ndk_target_21/opencv/build/CMakeFiles/CMakeTmp'
Building C object CMakeFiles/cmTC_8750f.dir/src.c.o
/home/cat/.buildozer/android/platform/android-ndk-r19c/toolchains/llvm/prebuilt/linux-x86_64/bin/clang --target=armv7-none-linux-androideabi21 --gcc-toolchain=/home/cat/.buildozer/android/platform/android-ndk-r19c/toolchains/llvm/prebuilt/linux-x86_64 --sysroot=/home/cat/.buildozer/android/platform/android-ndk-r19c/toolchains/llvm/prebuilt/linux-x86_64/sysroot   -g -DANDROID -fdata-sections -ffunction-sections -funwind-tables -fstack-protector-strong -no-canonical-prefixes -mfpu=vfpv3-d16 -fno-addrsig -march=armv7-a -mthumb -Wa,--noexecstack -Wformat -Werror=format-security    -fsigned-char -W -Wall -Werror=return-type -Werror=non-virtual-dtor -Werror=address -Werror=sequence-point -Wformat -Werror=format-security -Wstrict-prototypes -Winit-self -Wpointer-arith -Wsign-promo -Wuninitialized -Winit-self -Winconsistent-missing-override -Wno-narrowing -Wno-delete-non-virtual-dtor -Wno-unnamed-type-template-args -Wno-comment -fdiagnostics-show-option -Qunused-arguments -ffunction-sections -fdata-sections  -fvisibility=hidden -fvisibility-inlines-hidden -Wno-missing-prototypes -Wno-missing-declarations -Wno-undef -Wno-unused -Wno-sign-compare -Wno-cast-align -Wno-shadow -Wno-pointer-to-int-cast -Wno-int-to-pointer-cast  -Oz -DNDEBUG  -fPIE   -Wno-misleading-indentation -o CMakeFiles/cmTC_8750f.dir/src.c.o   -c /home/cat/Desktop/kivy_glucose/.buildozer/android/platform/build-armeabi-v7a/build/other_builds/opencv/armeabi-v7a__ndk_target_21/opencv/build/CMakeFiles/CMakeTmp/src.c
warning: unknown warning option '-Wno-misleading-indentation'; did you mean '-Wno-binding-in-condition'? [-Wunknown-warning-option]
/home/cat/Desktop/kivy_glucose/.buildozer/android/platform/build-armeabi-v7a/build/other_builds/opencv/armeabi-v7a__ndk_target_21/opencv/build/CMakeFiles/CMakeTmp/src.c:1:8: warning: unknown pragma ignored [-Wunknown-pragmas]
#pragma
       ^
2 warnings generated.
Linking C executable cmTC_8750f
/home/cat/kivy_env/lib/python3.6/site-packages/cmake/data/bin/cmake -E cmake_link_script CMakeFiles/cmTC_8750f.dir/link.txt --verbose=1
/home/cat/.buildozer/android/platform/android-ndk-r19c/toolchains/llvm/prebuilt/linux-x86_64/bin/clang --target=armv7-none-linux-androideabi21 --gcc-toolchain=/home/cat/.buildozer/android/platform/android-ndk-r19c/toolchains/llvm/prebuilt/linux-x86_64 --sysroot=/home/cat/.buildozer/android/platform/android-ndk-r19c/toolchains/llvm/prebuilt/linux-x86_64/sysroot -g -DANDROID -fdata-sections -ffunction-sections -funwind-tables -fstack-protector-strong -no-canonical-prefixes -mfpu=vfpv3-d16 -fno-addrsig -march=armv7-a -mthumb -Wa,--noexecstack -Wformat -Werror=format-security    -fsigned-char -W -Wall -Werror=return-type -Werror=non-virtual-dtor -Werror=address -Werror=sequence-point -Wformat -Werror=format-security -Wstrict-prototypes -Winit-self -Wpointer-arith -Wsign-promo -Wuninitialized -Winit-self -Winconsistent-missing-override -Wno-narrowing -Wno-delete-non-virtual-dtor -Wno-unnamed-type-template-args -Wno-comment -fdiagnostics-show-option -Qunused-arguments -ffunction-sections -fdata-sections  -fvisibility=hidden -fvisibility-inlines-hidden -Wno-missing-prototypes -Wno-missing-declarations -Wno-undef -Wno-unused -Wno-sign-compare -Wno-cast-align -Wno-shadow -Wno-pointer-to-int-cast -Wno-int-to-pointer-cast  -Oz -DNDEBUG   -Wl,--exclude-libs,libgcc.a -Wl,--exclude-libs,libatomic.a -static-libstdc++ -Wl,--build-id -Wl,--warn-shared-textrel -Wl,--fatal-warnings -Wl,--exclude-libs,libunwind.a -Wl,--no-undefined -Qunused-arguments -Wl,-z,noexecstack -Wl,-z,relro -Wl,-z,now -Wl,--gc-sections   -Wl,--gc-sections  CMakeFiles/cmTC_8750f.dir/src.c.o  -o cmTC_8750f -latomic -lm 
make[1]: Leaving directory '/home/cat/Desktop/kivy_glucose/.buildozer/android/platform/build-armeabi-v7a/build/other_builds/opencv/armeabi-v7a__ndk_target_21/opencv/build/CMakeFiles/CMakeTmp'

===== END =====

Build output check failed:
    Regex: 'unknown .*option'
    Output line: 'warning: unknown warning option '-Wno-unused-but-set-parameter', did you mean '-Wno-unused-parameter'? [-Wunknown-warning-option]'
Compilation failed:
    source file: '/home/cat/Desktop/kivy_glucose/.buildozer/android/platform/build-armeabi-v7a/build/other_builds/opencv/armeabi-v7a__ndk_target_21/opencv/build/CMakeFiles/CMakeTmp/src.c'
    check option: ' -Wno-unused-but-set-parameter'
===== BUILD LOG =====
Change Dir: /home/cat/Desktop/kivy_glucose/.buildozer/android/platform/build-armeabi-v7a/build/other_builds/opencv/armeabi-v7a__ndk_target_21/opencv/build/CMakeFiles/CMakeTmp

Run Build Command:"/usr/bin/make" "cmTC_0b0cc/fast"
make -j4 -f CMakeFiles/cmTC_0b0cc.dir/build.make CMakeFiles/cmTC_0b0cc.dir/build
make[1]: Entering directory '/home/cat/Desktop/kivy_glucose/.buildozer/android/platform/build-armeabi-v7a/build/other_builds/opencv/armeabi-v7a__ndk_target_21/opencv/build/CMakeFiles/CMakeTmp'
Building C object CMakeFiles/cmTC_0b0cc.dir/src.c.o
/home/cat/.buildozer/android/platform/android-ndk-r19c/toolchains/llvm/prebuilt/linux-x86_64/bin/clang --target=armv7-none-linux-androideabi21 --gcc-toolchain=/home/cat/.buildozer/android/platform/android-ndk-r19c/toolchains/llvm/prebuilt/linux-x86_64 --sysroot=/home/cat/.buildozer/android/platform/android-ndk-r19c/toolchains/llvm/prebuilt/linux-x86_64/sysroot   -g -DANDROID -fdata-sections -ffunction-sections -funwind-tables -fstack-protector-strong -no-canonical-prefixes -mfpu=vfpv3-d16 -fno-addrsig -march=armv7-a -mthumb -Wa,--noexecstack -Wformat -Werror=format-security    -fsigned-char -W -Wall -Werror=return-type -Werror=non-virtual-dtor -Werror=address -Werror=sequence-point -Wformat -Werror=format-security -Wmissing-declarations -Wstrict-prototypes -Wundef -Winit-self -Wpointer-arith -Wshadow -Wsign-promo -Wuninitialized -Winit-self -Winconsistent-missing-override -Wno-narrowing -Wno-delete-non-virtual-dtor -Wno-unnamed-type-template-args -Wno-comment -fdiagnostics-show-option -Qunused-arguments -ffunction-sections -fdata-sections  -fvisibility=hidden -fvisibility-inlines-hidden -Wno-implicit-function-declaration -Wno-uninitialized -Wno-missing-prototypes  -Oz -DNDEBUG  -fPIE   -Wno-unused-but-set-parameter -o CMakeFiles/cmTC_0b0cc.dir/src.c.o   -c /home/cat/Desktop/kivy_glucose/.buildozer/android/platform/build-armeabi-v7a/build/other_builds/opencv/armeabi-v7a__ndk_target_21/opencv/build/CMakeFiles/CMakeTmp/src.c
warning: unknown warning option '-Wno-unused-but-set-parameter'; did you mean '-Wno-unused-parameter'? [-Wunknown-warning-option]
/home/cat/Desktop/kivy_glucose/.buildozer/android/platform/build-armeabi-v7a/build/other_builds/opencv/armeabi-v7a__ndk_target_21/opencv/build/CMakeFiles/CMakeTmp/src.c:1:8: warning: unknown pragma ignored [-Wunknown-pragmas]
#pragma
       ^
2 warnings generated.
Linking C executable cmTC_0b0cc
/home/cat/kivy_env/lib/python3.6/site-packages/cmake/data/bin/cmake -E cmake_link_script CMakeFiles/cmTC_0b0cc.dir/link.txt --verbose=1
/home/cat/.buildozer/android/platform/android-ndk-r19c/toolchains/llvm/prebuilt/linux-x86_64/bin/clang --target=armv7-none-linux-androideabi21 --gcc-toolchain=/home/cat/.buildozer/android/platform/android-ndk-r19c/toolchains/llvm/prebuilt/linux-x86_64 --sysroot=/home/cat/.buildozer/android/platform/android-ndk-r19c/toolchains/llvm/prebuilt/linux-x86_64/sysroot -g -DANDROID -fdata-sections -ffunction-sections -funwind-tables -fstack-protector-strong -no-canonical-prefixes -mfpu=vfpv3-d16 -fno-addrsig -march=armv7-a -mthumb -Wa,--noexecstack -Wformat -Werror=format-security    -fsigned-char -W -Wall -Werror=return-type -Werror=non-virtual-dtor -Werror=address -Werror=sequence-point -Wformat -Werror=format-security -Wmissing-declarations -Wstrict-prototypes -Wundef -Winit-self -Wpointer-arith -Wshadow -Wsign-promo -Wuninitialized -Winit-self -Winconsistent-missing-override -Wno-narrowing -Wno-delete-non-virtual-dtor -Wno-unnamed-type-template-args -Wno-comment -fdiagnostics-show-option -Qunused-arguments -ffunction-sections -fdata-sections  -fvisibility=hidden -fvisibility-inlines-hidden -Wno-implicit-function-declaration -Wno-uninitialized -Wno-missing-prototypes  -Oz -DNDEBUG   -Wl,--exclude-libs,libgcc.a -Wl,--exclude-libs,libatomic.a -static-libstdc++ -Wl,--build-id -Wl,--warn-shared-textrel -Wl,--fatal-warnings -Wl,--exclude-libs,libunwind.a -Wl,--no-undefined -Qunused-arguments -Wl,-z,noexecstack -Wl,-z,relro -Wl,-z,now -Wl,--gc-sections   -Wl,--gc-sections  CMakeFiles/cmTC_0b0cc.dir/src.c.o  -o cmTC_0b0cc -latomic -lm 
make[1]: Leaving directory '/home/cat/Desktop/kivy_glucose/.buildozer/android/platform/build-armeabi-v7a/build/other_builds/opencv/armeabi-v7a__ndk_target_21/opencv/build/CMakeFiles/CMakeTmp'

===== END =====

Build output check failed:
    Regex: 'unknown .*option'
    Output line: 'warning: unknown warning option '-Wno-pointer-compare' [-Wunknown-warning-option]'
Compilation failed:
    source file: '/home/cat/Desktop/kivy_glucose/.buildozer/android/platform/build-armeabi-v7a/build/other_builds/opencv/armeabi-v7a__ndk_target_21/opencv/build/CMakeFiles/CMakeTmp/src.c'
    check option: ' -Wno-pointer-compare'
===== BUILD LOG =====
Change Dir: /home/cat/Desktop/kivy_glucose/.buildozer/android/platform/build-armeabi-v7a/build/other_builds/opencv/armeabi-v7a__ndk_target_21/opencv/build/CMakeFiles/CMakeTmp

Run Build Command:"/usr/bin/make" "cmTC_2039d/fast"
make -j4 -f CMakeFiles/cmTC_2039d.dir/build.make CMakeFiles/cmTC_2039d.dir/build
make[1]: Entering directory '/home/cat/Desktop/kivy_glucose/.buildozer/android/platform/build-armeabi-v7a/build/other_builds/opencv/armeabi-v7a__ndk_target_21/opencv/build/CMakeFiles/CMakeTmp'
Building C object CMakeFiles/cmTC_2039d.dir/src.c.o
/home/cat/.buildozer/android/platform/android-ndk-r19c/toolchains/llvm/prebuilt/linux-x86_64/bin/clang --target=armv7-none-linux-androideabi21 --gcc-toolchain=/home/cat/.buildozer/android/platform/android-ndk-r19c/toolchains/llvm/prebuilt/linux-x86_64 --sysroot=/home/cat/.buildozer/android/platform/android-ndk-r19c/toolchains/llvm/prebuilt/linux-x86_64/sysroot   -g -DANDROID -fdata-sections -ffunction-sections -funwind-tables -fstack-protector-strong -no-canonical-prefixes -mfpu=vfpv3-d16 -fno-addrsig -march=armv7-a -mthumb -Wa,--noexecstack -Wformat -Werror=format-security    -fsigned-char -W -Wall -Werror=return-type -Werror=non-virtual-dtor -Werror=address -Werror=sequence-point -Wformat -Werror=format-security -Wstrict-prototypes -Wundef -Winit-self -Wpointer-arith -Wsign-promo -Wuninitialized -Winit-self -Winconsistent-missing-override -Wno-narrowing -Wno-delete-non-virtual-dtor -Wno-unnamed-type-template-args -Wno-comment -fdiagnostics-show-option -Qunused-arguments -ffunction-sections -fdata-sections  -fvisibility=hidden -fvisibility-inlines-hidden -Wno-implicit-function-declaration -Wno-uninitialized -Wno-missing-prototypes -Wno-missing-declarations -Wno-unused -Wno-shadow -Wno-sign-compare -Wno-strict-overflow  -Oz -DNDEBUG  -fPIE   -Wno-pointer-compare -o CMakeFiles/cmTC_2039d.dir/src.c.o   -c /home/cat/Desktop/kivy_glucose/.buildozer/android/platform/build-armeabi-v7a/build/other_builds/opencv/armeabi-v7a__ndk_target_21/opencv/build/CMakeFiles/CMakeTmp/src.c
warning: unknown warning option '-Wno-pointer-compare' [-Wunknown-warning-option]
/home/cat/Desktop/kivy_glucose/.buildozer/android/platform/build-armeabi-v7a/build/other_builds/opencv/armeabi-v7a__ndk_target_21/opencv/build/CMakeFiles/CMakeTmp/src.c:1:8: warning: unknown pragma ignored [-Wunknown-pragmas]
#pragma
       ^
2 warnings generated.
Linking C executable cmTC_2039d
/home/cat/kivy_env/lib/python3.6/site-packages/cmake/data/bin/cmake -E cmake_link_script CMakeFiles/cmTC_2039d.dir/link.txt --verbose=1
/home/cat/.buildozer/android/platform/android-ndk-r19c/toolchains/llvm/prebuilt/linux-x86_64/bin/clang --target=armv7-none-linux-androideabi21 --gcc-toolchain=/home/cat/.buildozer/android/platform/android-ndk-r19c/toolchains/llvm/prebuilt/linux-x86_64 --sysroot=/home/cat/.buildozer/android/platform/android-ndk-r19c/toolchains/llvm/prebuilt/linux-x86_64/sysroot -g -DANDROID -fdata-sections -ffunction-sections -funwind-tables -fstack-protector-strong -no-canonical-prefixes -mfpu=vfpv3-d16 -fno-addrsig -march=armv7-a -mthumb -Wa,--noexecstack -Wformat -Werror=format-security    -fsigned-char -W -Wall -Werror=return-type -Werror=non-virtual-dtor -Werror=address -Werror=sequence-point -Wformat -Werror=format-security -Wstrict-prototypes -Wundef -Winit-self -Wpointer-arith -Wsign-promo -Wuninitialized -Winit-self -Winconsistent-missing-override -Wno-narrowing -Wno-delete-non-virtual-dtor -Wno-unnamed-type-template-args -Wno-comment -fdiagnostics-show-option -Qunused-arguments -ffunction-sections -fdata-sections  -fvisibility=hidden -fvisibility-inlines-hidden -Wno-implicit-function-declaration -Wno-uninitialized -Wno-missing-prototypes -Wno-missing-declarations -Wno-unused -Wno-shadow -Wno-sign-compare -Wno-strict-overflow  -Oz -DNDEBUG   -Wl,--exclude-libs,libgcc.a -Wl,--exclude-libs,libatomic.a -static-libstdc++ -Wl,--build-id -Wl,--warn-shared-textrel -Wl,--fatal-warnings -Wl,--exclude-libs,libunwind.a -Wl,--no-undefined -Qunused-arguments -Wl,-z,noexecstack -Wl,-z,relro -Wl,-z,now -Wl,--gc-sections   -Wl,--gc-sections  CMakeFiles/cmTC_2039d.dir/src.c.o  -o cmTC_2039d -latomic -lm 
make[1]: Leaving directory '/home/cat/Desktop/kivy_glucose/.buildozer/android/platform/build-armeabi-v7a/build/other_builds/opencv/armeabi-v7a__ndk_target_21/opencv/build/CMakeFiles/CMakeTmp'

===== END =====

Build output check failed:
    Regex: 'unknown .*option'
    Output line: 'warning: unknown warning option '-Wno-misleading-indentation', did you mean '-Wno-binding-in-condition'? [-Wunknown-warning-option]'
Compilation failed:
    source file: '/home/cat/Desktop/kivy_glucose/.buildozer/android/platform/build-armeabi-v7a/build/other_builds/opencv/armeabi-v7a__ndk_target_21/opencv/build/CMakeFiles/CMakeTmp/src.cxx'
    check option: ' -Wno-misleading-indentation'
===== BUILD LOG =====
Change Dir: /home/cat/Desktop/kivy_glucose/.buildozer/android/platform/build-armeabi-v7a/build/other_builds/opencv/armeabi-v7a__ndk_target_21/opencv/build/CMakeFiles/CMakeTmp

Run Build Command:"/usr/bin/make" "cmTC_77100/fast"
make -j4 -f CMakeFiles/cmTC_77100.dir/build.make CMakeFiles/cmTC_77100.dir/build
make[1]: Entering directory '/home/cat/Desktop/kivy_glucose/.buildozer/android/platform/build-armeabi-v7a/build/other_builds/opencv/armeabi-v7a__ndk_target_21/opencv/build/CMakeFiles/CMakeTmp'
Building CXX object CMakeFiles/cmTC_77100.dir/src.cxx.o
/home/cat/.buildozer/android/platform/android-ndk-r19c/toolchains/llvm/prebuilt/linux-x86_64/bin/clang++ --target=armv7-none-linux-androideabi21 --gcc-toolchain=/home/cat/.buildozer/android/platform/android-ndk-r19c/toolchains/llvm/prebuilt/linux-x86_64 --sysroot=/home/cat/.buildozer/android/platform/android-ndk-r19c/toolchains/llvm/prebuilt/linux-x86_64/sysroot    -g -DANDROID -fdata-sections -ffunction-sections -funwind-tables -fstack-protector-strong -no-canonical-prefixes -mfpu=vfpv3-d16 -fno-addrsig -march=armv7-a -mthumb -Wa,--noexecstack -Wformat -Werror=format-security -stdlib=libc++    -fsigned-char -W -Wall -Werror=return-type -Werror=non-virtual-dtor -Werror=address -Werror=sequence-point -Wformat -Werror=format-security -Wmissing-prototypes -Wstrict-prototypes -Winit-self -Wpointer-arith -Wsign-promo -Winit-self -Winconsistent-missing-override -Wno-narrowing -Wno-delete-non-virtual-dtor -Wno-unnamed-type-template-args -Wno-comment -fdiagnostics-show-option -Qunused-arguments -ffunction-sections -fdata-sections  -fvisibility=hidden -fvisibility-inlines-hidden -Wno-shadow -Wno-unused -Wno-sign-compare -Wno-undef -Wno-missing-declarations -Wno-uninitialized -Wno-switch -Wno-parentheses -Wno-array-bounds -Wno-extra -Wno-deprecated-declarations  -Oz -DNDEBUG  -fPIE   -Wno-misleading-indentation -std=c++11 -o CMakeFiles/cmTC_77100.dir/src.cxx.o -c /home/cat/Desktop/kivy_glucose/.buildozer/android/platform/build-armeabi-v7a/build/other_builds/opencv/armeabi-v7a__ndk_target_21/opencv/build/CMakeFiles/CMakeTmp/src.cxx
warning: unknown warning option '-Wno-misleading-indentation'; did you mean '-Wno-binding-in-condition'? [-Wunknown-warning-option]
/home/cat/Desktop/kivy_glucose/.buildozer/android/platform/build-armeabi-v7a/build/other_builds/opencv/armeabi-v7a__ndk_target_21/opencv/build/CMakeFiles/CMakeTmp/src.cxx:1:8: warning: unknown pragma ignored [-Wunknown-pragmas]
#pragma
       ^
2 warnings generated.
Linking CXX executable cmTC_77100
/home/cat/kivy_env/lib/python3.6/site-packages/cmake/data/bin/cmake -E cmake_link_script CMakeFiles/cmTC_77100.dir/link.txt --verbose=1
/home/cat/.buildozer/android/platform/android-ndk-r19c/toolchains/llvm/prebuilt/linux-x86_64/bin/clang++ --target=armv7-none-linux-androideabi21 --gcc-toolchain=/home/cat/.buildozer/android/platform/android-ndk-r19c/toolchains/llvm/prebuilt/linux-x86_64 --sysroot=/home/cat/.buildozer/android/platform/android-ndk-r19c/toolchains/llvm/prebuilt/linux-x86_64/sysroot  -g -DANDROID -fdata-sections -ffunction-sections -funwind-tables -fstack-protector-strong -no-canonical-prefixes -mfpu=vfpv3-d16 -fno-addrsig -march=armv7-a -mthumb -Wa,--noexecstack -Wformat -Werror=format-security -stdlib=libc++    -fsigned-char -W -Wall -Werror=return-type -Werror=non-virtual-dtor -Werror=address -Werror=sequence-point -Wformat -Werror=format-security -Wmissing-prototypes -Wstrict-prototypes -Winit-self -Wpointer-arith -Wsign-promo -Winit-self -Winconsistent-missing-override -Wno-narrowing -Wno-delete-non-virtual-dtor -Wno-unnamed-type-template-args -Wno-comment -fdiagnostics-show-option -Qunused-arguments -ffunction-sections -fdata-sections  -fvisibility=hidden -fvisibility-inlines-hidden -Wno-shadow -Wno-unused -Wno-sign-compare -Wno-undef -Wno-missing-declarations -Wno-uninitialized -Wno-switch -Wno-parentheses -Wno-array-bounds -Wno-extra -Wno-deprecated-declarations  -Oz -DNDEBUG   -Wl,--exclude-libs,libgcc.a -Wl,--exclude-libs,libatomic.a -static-libstdc++ -Wl,--build-id -Wl,--warn-shared-textrel -Wl,--fatal-warnings -Wl,--exclude-libs,libunwind.a -Wl,--no-undefined -Qunused-arguments -Wl,-z,noexecstack -Wl,-z,relro -Wl,-z,now -Wl,--gc-sections   -Wl,--gc-sections  CMakeFiles/cmTC_77100.dir/src.cxx.o  -o cmTC_77100 -latomic -lm 
make[1]: Leaving directory '/home/cat/Desktop/kivy_glucose/.buildozer/android/platform/build-armeabi-v7a/build/other_builds/opencv/armeabi-v7a__ndk_target_21/opencv/build/CMakeFiles/CMakeTmp'

===== END =====

Build output check failed:
    Regex: 'unknown .*option'
    Output line: 'warning: unknown warning option '-Wno-suggest-override', did you mean '-Wno-shift-overflow'? [-Wunknown-warning-option]'
Compilation failed:
    source file: '/home/cat/Desktop/kivy_glucose/.buildozer/android/platform/build-armeabi-v7a/build/other_builds/opencv/armeabi-v7a__ndk_target_21/opencv/build/CMakeFiles/CMakeTmp/src.cxx'
    check option: ' -Wno-suggest-override'
===== BUILD LOG =====
Change Dir: /home/cat/Desktop/kivy_glucose/.buildozer/android/platform/build-armeabi-v7a/build/other_builds/opencv/armeabi-v7a__ndk_target_21/opencv/build/CMakeFiles/CMakeTmp

Run Build Command:"/usr/bin/make" "cmTC_af8b2/fast"
make -j4 -f CMakeFiles/cmTC_af8b2.dir/build.make CMakeFiles/cmTC_af8b2.dir/build
make[1]: Entering directory '/home/cat/Desktop/kivy_glucose/.buildozer/android/platform/build-armeabi-v7a/build/other_builds/opencv/armeabi-v7a__ndk_target_21/opencv/build/CMakeFiles/CMakeTmp'
Building CXX object CMakeFiles/cmTC_af8b2.dir/src.cxx.o
/home/cat/.buildozer/android/platform/android-ndk-r19c/toolchains/llvm/prebuilt/linux-x86_64/bin/clang++ --target=armv7-none-linux-androideabi21 --gcc-toolchain=/home/cat/.buildozer/android/platform/android-ndk-r19c/toolchains/llvm/prebuilt/linux-x86_64 --sysroot=/home/cat/.buildozer/android/platform/android-ndk-r19c/toolchains/llvm/prebuilt/linux-x86_64/sysroot    -g -DANDROID -fdata-sections -ffunction-sections -funwind-tables -fstack-protector-strong -no-canonical-prefixes -mfpu=vfpv3-d16 -fno-addrsig -march=armv7-a -mthumb -Wa,--noexecstack -Wformat -Werror=format-security -stdlib=libc++    -fsigned-char -W -Wall -Werror=return-type -Werror=non-virtual-dtor -Werror=address -Werror=sequence-point -Wformat -Werror=format-security -Wmissing-prototypes -Wstrict-prototypes -Winit-self -Wpointer-arith -Wsign-promo -Winit-self -Winconsistent-missing-override -Wno-narrowing -Wno-delete-non-virtual-dtor -Wno-unnamed-type-template-args -Wno-comment -fdiagnostics-show-option -Qunused-arguments -ffunction-sections -fdata-sections  -fvisibility=hidden -fvisibility-inlines-hidden -Wno-shadow -Wno-unused -Wno-sign-compare -Wno-undef -Wno-missing-declarations -Wno-uninitialized -Wno-switch -Wno-parentheses -Wno-array-bounds -Wno-extra -Wno-deprecated-declarations -Wno-deprecated  -Oz -DNDEBUG  -fPIE   -Wno-suggest-override -std=c++11 -o CMakeFiles/cmTC_af8b2.dir/src.cxx.o -c /home/cat/Desktop/kivy_glucose/.buildozer/android/platform/build-armeabi-v7a/build/other_builds/opencv/armeabi-v7a__ndk_target_21/opencv/build/CMakeFiles/CMakeTmp/src.cxx
warning: unknown warning option '-Wno-suggest-override'; did you mean '-Wno-shift-overflow'? [-Wunknown-warning-option]
/home/cat/Desktop/kivy_glucose/.buildozer/android/platform/build-armeabi-v7a/build/other_builds/opencv/armeabi-v7a__ndk_target_21/opencv/build/CMakeFiles/CMakeTmp/src.cxx:1:8: warning: unknown pragma ignored [-Wunknown-pragmas]
#pragma
       ^
2 warnings generated.
Linking CXX executable cmTC_af8b2
/home/cat/kivy_env/lib/python3.6/site-packages/cmake/data/bin/cmake -E cmake_link_script CMakeFiles/cmTC_af8b2.dir/link.txt --verbose=1
/home/cat/.buildozer/android/platform/android-ndk-r19c/toolchains/llvm/prebuilt/linux-x86_64/bin/clang++ --target=armv7-none-linux-androideabi21 --gcc-toolchain=/home/cat/.buildozer/android/platform/android-ndk-r19c/toolchains/llvm/prebuilt/linux-x86_64 --sysroot=/home/cat/.buildozer/android/platform/android-ndk-r19c/toolchains/llvm/prebuilt/linux-x86_64/sysroot  -g -DANDROID -fdata-sections -ffunction-sections -funwind-tables -fstack-protector-strong -no-canonical-prefixes -mfpu=vfpv3-d16 -fno-addrsig -march=armv7-a -mthumb -Wa,--noexecstack -Wformat -Werror=format-security -stdlib=libc++    -fsigned-char -W -Wall -Werror=return-type -Werror=non-virtual-dtor -Werror=address -Werror=sequence-point -Wformat -Werror=format-security -Wmissing-prototypes -Wstrict-prototypes -Winit-self -Wpointer-arith -Wsign-promo -Winit-self -Winconsistent-missing-override -Wno-narrowing -Wno-delete-non-virtual-dtor -Wno-unnamed-type-template-args -Wno-comment -fdiagnostics-show-option -Qunused-arguments -ffunction-sections -fdata-sections  -fvisibility=hidden -fvisibility-inlines-hidden -Wno-shadow -Wno-unused -Wno-sign-compare -Wno-undef -Wno-missing-declarations -Wno-uninitialized -Wno-switch -Wno-parentheses -Wno-array-bounds -Wno-extra -Wno-deprecated-declarations -Wno-deprecated  -Oz -DNDEBUG   -Wl,--exclude-libs,libgcc.a -Wl,--exclude-libs,libatomic.a -static-libstdc++ -Wl,--build-id -Wl,--warn-shared-textrel -Wl,--fatal-warnings -Wl,--exclude-libs,libunwind.a -Wl,--no-undefined -Qunused-arguments -Wl,-z,noexecstack -Wl,-z,relro -Wl,-z,now -Wl,--gc-sections   -Wl,--gc-sections  CMakeFiles/cmTC_af8b2.dir/src.cxx.o  -o cmTC_af8b2 -latomic -lm 
make[1]: Leaving directory '/home/cat/Desktop/kivy_glucose/.buildozer/android/platform/build-armeabi-v7a/build/other_builds/opencv/armeabi-v7a__ndk_target_21/opencv/build/CMakeFiles/CMakeTmp'

===== END =====

